
*** Running vivado
    with args -log system_axi_dynclk_0_0.vds -m64 -product Vivado -mode batch -messageDb vivado.pb -notrace -source system_axi_dynclk_0_0.tcl


****** Vivado v2022.1 (64-bit)
  **** SW Build 3526262 on Mon Apr 18 15:47:01 MDT 2022
  **** IP Build 3524634 on Mon Apr 18 20:55:01 MDT 2022
    ** Copyright 1986-2022 Xilinx, Inc. All Rights Reserved.

source system_axi_dynclk_0_0.tcl -notrace
create_project: Time (s): cpu = 00:00:09 ; elapsed = 00:00:18 . Memory (MB): peak = 2733.234 ; gain = 2.016 ; free physical = 8858 ; free virtual = 12600
INFO: [IP_Flow 19-234] Refreshing IP repositories
INFO: [IP_Flow 19-1700] Loaded user IP repository '/home/linux/work/01.petalinux/bsp/zybo-z7-10-bsp/hardware/repo'.
INFO: [IP_Flow 19-2313] Loaded Vivado IP repository '/home/linux/work/03.install_path/Vivado/2022.1/data/ip'.
Command: synth_design -top system_axi_dynclk_0_0 -part xc7z010clg400-1 -incremental_mode off -mode out_of_context
Starting synth_design
Attempting to get a license for feature 'Synthesis' and/or device 'xc7z010'
INFO: [Common 17-349] Got license for feature 'Synthesis' and/or device 'xc7z010'
INFO: [Device 21-403] Loading part xc7z010clg400-1
INFO: [Synth 8-7079] Multithreading enabled for synth_design using a maximum of 4 processes.
INFO: [Synth 8-7078] Launching helper process for spawning children vivado processes
INFO: [Synth 8-7075] Helper process launched with PID 9032
WARNING: [Synth 8-9501] generate block is allowed only inside loop and conditional generate in SystemVerilog mode [/home/linux/work/03.install_path/Vivado/2022.1/data/ip/xpm/xpm_fifo/hdl/xpm_fifo.sv:4023]
---------------------------------------------------------------------------------
Starting RTL Elaboration : Time (s): cpu = 00:00:09 ; elapsed = 00:00:30 . Memory (MB): peak = 2733.238 ; gain = 0.000 ; free physical = 5869 ; free virtual = 6432
---------------------------------------------------------------------------------
WARNING: [Synth 8-9112] actual for formal port 'rst' is neither a static name nor a globally static expression [/home/linux/work/01.petalinux/bsp/zybo-z7-10-bsp/hardware/src/bd/system/ipshared/9097/src/axi_dynclk.vhd:225]
WARNING: [Synth 8-9112] actual for formal port 's1_clkout0' is neither a static name nor a globally static expression [/home/linux/work/01.petalinux/bsp/zybo-z7-10-bsp/hardware/src/bd/system/ipshared/9097/src/axi_dynclk.vhd:227]
WARNING: [Synth 8-9112] actual for formal port 's1_clkfbout' is neither a static name nor a globally static expression [/home/linux/work/01.petalinux/bsp/zybo-z7-10-bsp/hardware/src/bd/system/ipshared/9097/src/axi_dynclk.vhd:228]
WARNING: [Synth 8-9112] actual for formal port 's1_lock' is neither a static name nor a globally static expression [/home/linux/work/01.petalinux/bsp/zybo-z7-10-bsp/hardware/src/bd/system/ipshared/9097/src/axi_dynclk.vhd:230]
INFO: [Synth 8-638] synthesizing module 'system_axi_dynclk_0_0' [/home/linux/work/01.petalinux/bsp/zybo-z7-10-bsp/hardware/src/bd/system/ip/system_axi_dynclk_0_0/synth/system_axi_dynclk_0_0.vhd:86]
	Parameter C_S00_AXI_DATA_WIDTH bound to: 32 - type: integer 
	Parameter C_S00_AXI_ADDR_WIDTH bound to: 5 - type: integer 
	Parameter ADD_BUFMR bound to: 0 - type: bool 
INFO: [Synth 8-3491] module 'axi_dynclk' declared at '/home/linux/work/01.petalinux/bsp/zybo-z7-10-bsp/hardware/src/bd/system/ipshared/9097/src/axi_dynclk.vhd:10' bound to instance 'U0' of component 'axi_dynclk' [/home/linux/work/01.petalinux/bsp/zybo-z7-10-bsp/hardware/src/bd/system/ip/system_axi_dynclk_0_0/synth/system_axi_dynclk_0_0.vhd:161]
INFO: [Synth 8-638] synthesizing module 'axi_dynclk' [/home/linux/work/01.petalinux/bsp/zybo-z7-10-bsp/hardware/src/bd/system/ipshared/9097/src/axi_dynclk.vhd:57]
	Parameter C_S_AXI_DATA_WIDTH bound to: 32 - type: integer 
	Parameter C_S_AXI_ADDR_WIDTH bound to: 5 - type: integer 
INFO: [Synth 8-3491] module 'axi_dynclk_S00_AXI' declared at '/home/linux/work/01.petalinux/bsp/zybo-z7-10-bsp/hardware/src/bd/system/ipshared/9097/src/axi_dynclk_S00_AXI.vhd:5' bound to instance 'axi_dynclk_S00_AXI_inst' of component 'axi_dynclk_S00_AXI' [/home/linux/work/01.petalinux/bsp/zybo-z7-10-bsp/hardware/src/bd/system/ipshared/9097/src/axi_dynclk.vhd:147]
INFO: [Synth 8-638] synthesizing module 'axi_dynclk_S00_AXI' [/home/linux/work/01.petalinux/bsp/zybo-z7-10-bsp/hardware/src/bd/system/ipshared/9097/src/axi_dynclk_S00_AXI.vhd:93]
INFO: [Synth 8-226] default block is never used [/home/linux/work/01.petalinux/bsp/zybo-z7-10-bsp/hardware/src/bd/system/ipshared/9097/src/axi_dynclk_S00_AXI.vhd:399]
INFO: [Synth 8-256] done synthesizing module 'axi_dynclk_S00_AXI' (0#1) [/home/linux/work/01.petalinux/bsp/zybo-z7-10-bsp/hardware/src/bd/system/ipshared/9097/src/axi_dynclk_S00_AXI.vhd:93]
INFO: [Synth 8-113] binding component instance 'BUFIO_inst' to cell 'BUFIO' [/home/linux/work/01.petalinux/bsp/zybo-z7-10-bsp/hardware/src/bd/system/ipshared/9097/src/axi_dynclk.vhd:198]
	Parameter BUFR_DIVIDE bound to: 5 - type: string 
	Parameter SIM_DEVICE bound to: 7SERIES - type: string 
INFO: [Synth 8-113] binding component instance 'BUFR_inst' to cell 'BUFR' [/home/linux/work/01.petalinux/bsp/zybo-z7-10-bsp/hardware/src/bd/system/ipshared/9097/src/axi_dynclk.vhd:204]
	Parameter DIV_F bound to: 2 - type: integer 
INFO: [Synth 8-3491] module 'mmcme2_drp' declared at '/home/linux/work/01.petalinux/bsp/zybo-z7-10-bsp/hardware/src/bd/system/ipshared/9097/src/mmcme2_drp.v:50' bound to instance 'Inst_mmcme2_drp' of component 'mmcme2_drp' [/home/linux/work/01.petalinux/bsp/zybo-z7-10-bsp/hardware/src/bd/system/ipshared/9097/src/axi_dynclk.vhd:218]
INFO: [Synth 8-6157] synthesizing module 'mmcme2_drp' [/home/linux/work/01.petalinux/bsp/zybo-z7-10-bsp/hardware/src/bd/system/ipshared/9097/src/mmcme2_drp.v:50]
INFO: [Synth 8-6157] synthesizing module 'MMCME2_ADV' [/home/linux/work/03.install_path/Vivado/2022.1/scripts/rt/data/unisim_comp.v:63509]
INFO: [Synth 8-6155] done synthesizing module 'MMCME2_ADV' (0#1) [/home/linux/work/03.install_path/Vivado/2022.1/scripts/rt/data/unisim_comp.v:63509]
INFO: [Synth 8-6155] done synthesizing module 'mmcme2_drp' (0#1) [/home/linux/work/01.petalinux/bsp/zybo-z7-10-bsp/hardware/src/bd/system/ipshared/9097/src/mmcme2_drp.v:50]
INFO: [Synth 8-256] done synthesizing module 'axi_dynclk' (0#1) [/home/linux/work/01.petalinux/bsp/zybo-z7-10-bsp/hardware/src/bd/system/ipshared/9097/src/axi_dynclk.vhd:57]
INFO: [Synth 8-256] done synthesizing module 'system_axi_dynclk_0_0' (0#1) [/home/linux/work/01.petalinux/bsp/zybo-z7-10-bsp/hardware/src/bd/system/ip/system_axi_dynclk_0_0/synth/system_axi_dynclk_0_0.vhd:86]
WARNING: [Synth 8-7129] Port S_AXI_AWPROT[2] in module axi_dynclk_S00_AXI is either unconnected or has no load
WARNING: [Synth 8-7129] Port S_AXI_AWPROT[1] in module axi_dynclk_S00_AXI is either unconnected or has no load
WARNING: [Synth 8-7129] Port S_AXI_AWPROT[0] in module axi_dynclk_S00_AXI is either unconnected or has no load
WARNING: [Synth 8-7129] Port S_AXI_ARPROT[2] in module axi_dynclk_S00_AXI is either unconnected or has no load
WARNING: [Synth 8-7129] Port S_AXI_ARPROT[1] in module axi_dynclk_S00_AXI is either unconnected or has no load
WARNING: [Synth 8-7129] Port S_AXI_ARPROT[0] in module axi_dynclk_S00_AXI is either unconnected or has no load
---------------------------------------------------------------------------------
Finished RTL Elaboration : Time (s): cpu = 00:00:12 ; elapsed = 00:00:36 . Memory (MB): peak = 2733.238 ; gain = 0.000 ; free physical = 8429 ; free virtual = 9127
---------------------------------------------------------------------------------
---------------------------------------------------------------------------------
Start Handling Custom Attributes
---------------------------------------------------------------------------------
---------------------------------------------------------------------------------
Finished Handling Custom Attributes : Time (s): cpu = 00:00:12 ; elapsed = 00:00:36 . Memory (MB): peak = 2733.238 ; gain = 0.000 ; free physical = 8599 ; free virtual = 9308
---------------------------------------------------------------------------------
---------------------------------------------------------------------------------
Finished RTL Optimization Phase 1 : Time (s): cpu = 00:00:12 ; elapsed = 00:00:36 . Memory (MB): peak = 2733.238 ; gain = 0.000 ; free physical = 8599 ; free virtual = 9307
---------------------------------------------------------------------------------
Netlist sorting complete. Time (s): cpu = 00:00:00.01 ; elapsed = 00:00:00.01 . Memory (MB): peak = 2733.238 ; gain = 0.000 ; free physical = 8694 ; free virtual = 9416
INFO: [Netlist 29-17] Analyzing 2 Unisim elements for replacement
INFO: [Netlist 29-28] Unisim Transformation completed in 0 CPU seconds
INFO: [Project 1-570] Preparing netlist for logic optimization

Processing XDC Constraints
Initializing timing engine
Completed Processing XDC Constraints

Netlist sorting complete. Time (s): cpu = 00:00:00 ; elapsed = 00:00:00 . Memory (MB): peak = 2797.266 ; gain = 0.000 ; free physical = 8444 ; free virtual = 9353
INFO: [Project 1-111] Unisim Transformation Summary:
No Unisim elements were transformed.

Constraint Validation Runtime : Time (s): cpu = 00:00:00.06 ; elapsed = 00:00:00.13 . Memory (MB): peak = 2797.266 ; gain = 0.000 ; free physical = 8398 ; free virtual = 9314
INFO: [Designutils 20-5008] Incremental synthesis strategy off
---------------------------------------------------------------------------------
Finished Constraint Validation : Time (s): cpu = 00:00:29 ; elapsed = 00:01:03 . Memory (MB): peak = 2797.266 ; gain = 64.027 ; free physical = 8482 ; free virtual = 9482
---------------------------------------------------------------------------------
---------------------------------------------------------------------------------
Start Loading Part and Timing Information
---------------------------------------------------------------------------------
Loading part: xc7z010clg400-1
---------------------------------------------------------------------------------
Finished Loading Part and Timing Information : Time (s): cpu = 00:00:29 ; elapsed = 00:01:03 . Memory (MB): peak = 2797.266 ; gain = 64.027 ; free physical = 8486 ; free virtual = 9486
---------------------------------------------------------------------------------
---------------------------------------------------------------------------------
Start Applying 'set_property' XDC Constraints
---------------------------------------------------------------------------------
---------------------------------------------------------------------------------
Finished applying 'set_property' XDC Constraints : Time (s): cpu = 00:00:29 ; elapsed = 00:01:03 . Memory (MB): peak = 2797.266 ; gain = 64.027 ; free physical = 8494 ; free virtual = 9494
---------------------------------------------------------------------------------
INFO: [Synth 8-802] inferred FSM for state register 'current_state_reg' in module 'mmcme2_drp'
INFO: [Synth 8-802] inferred FSM for state register 'clk_state_reg' in module 'axi_dynclk'
---------------------------------------------------------------------------------------------------
                   State |                     New Encoding |                Previous Encoding 
---------------------------------------------------------------------------------------------------
                 RESTART |                        000000001 |                             0001
               WAIT_LOCK |                        000000010 |                             0010
                WAIT_SEN |                        000000100 |                             0011
                 ADDRESS |                        000001000 |                             0100
             WAIT_A_DRDY |                        000010000 |                             0101
                 BITMASK |                        000100000 |                             0110
                  BITSET |                        001000000 |                             0111
                   WRITE |                        010000000 |                             1000
               WAIT_DRDY |                        100000000 |                             1001
---------------------------------------------------------------------------------------------------
INFO: [Synth 8-3354] encoded FSM with state register 'current_state_reg' using encoding 'one-hot' in module 'mmcme2_drp'
---------------------------------------------------------------------------------------------------
                   State |                     New Encoding |                Previous Encoding 
---------------------------------------------------------------------------------------------------
                   reset |                            00001 |                              000
             wait_locked |                            00010 |                              001
                 wait_en |                            00100 |                              010
               wait_srdy |                            01000 |                              011
                 enabled |                            10000 |                              100
---------------------------------------------------------------------------------------------------
INFO: [Synth 8-3354] encoded FSM with state register 'clk_state_reg' using encoding 'one-hot' in module 'axi_dynclk'
---------------------------------------------------------------------------------
Finished RTL Optimization Phase 2 : Time (s): cpu = 00:00:30 ; elapsed = 00:01:04 . Memory (MB): peak = 2797.266 ; gain = 64.027 ; free physical = 8725 ; free virtual = 9749
---------------------------------------------------------------------------------
---------------------------------------------------------------------------------
Start RTL Component Statistics 
---------------------------------------------------------------------------------
Detailed RTL Component Info : 
+---Adders : 
	   2 Input    4 Bit       Adders := 2     
+---Registers : 
	               39 Bit    Registers := 1     
	               32 Bit    Registers := 8     
	               16 Bit    Registers := 1     
	                7 Bit    Registers := 1     
	                5 Bit    Registers := 2     
	                4 Bit    Registers := 2     
	                2 Bit    Registers := 2     
	                1 Bit    Registers := 10    
+---Muxes : 
	   2 Input   32 Bit        Muxes := 7     
	   8 Input   32 Bit        Muxes := 7     
	   9 Input   16 Bit        Muxes := 1     
	   9 Input    9 Bit        Muxes := 1     
	   2 Input    9 Bit        Muxes := 5     
	   9 Input    7 Bit        Muxes := 1     
	   5 Input    5 Bit        Muxes := 1     
	   9 Input    4 Bit        Muxes := 2     
	   2 Input    1 Bit        Muxes := 5     
	   9 Input    1 Bit        Muxes := 8     
	   5 Input    1 Bit        Muxes := 1     
---------------------------------------------------------------------------------
Finished RTL Component Statistics 
---------------------------------------------------------------------------------
---------------------------------------------------------------------------------
Start Part Resource Summary
---------------------------------------------------------------------------------
Part Resources:
DSPs: 80 (col length:40)
BRAMs: 120 (col length: RAMB18 40 RAMB36 20)
---------------------------------------------------------------------------------
Finished Part Resource Summary
---------------------------------------------------------------------------------
---------------------------------------------------------------------------------
Start Cross Boundary and Area Optimization
---------------------------------------------------------------------------------
WARNING: [Synth 8-7080] Parallel synthesis criteria is not met
WARNING: [Synth 8-7129] Port s00_axi_awprot[2] in module system_axi_dynclk_0_0 is either unconnected or has no load
WARNING: [Synth 8-7129] Port s00_axi_awprot[1] in module system_axi_dynclk_0_0 is either unconnected or has no load
WARNING: [Synth 8-7129] Port s00_axi_awprot[0] in module system_axi_dynclk_0_0 is either unconnected or has no load
WARNING: [Synth 8-7129] Port s00_axi_arprot[2] in module system_axi_dynclk_0_0 is either unconnected or has no load
WARNING: [Synth 8-7129] Port s00_axi_arprot[1] in module system_axi_dynclk_0_0 is either unconnected or has no load
WARNING: [Synth 8-7129] Port s00_axi_arprot[0] in module system_axi_dynclk_0_0 is either unconnected or has no load
---------------------------------------------------------------------------------
Finished Cross Boundary and Area Optimization : Time (s): cpu = 00:00:34 ; elapsed = 00:01:11 . Memory (MB): peak = 2797.266 ; gain = 64.027 ; free physical = 8486 ; free virtual = 9598
---------------------------------------------------------------------------------
---------------------------------------------------------------------------------
Start Applying XDC Timing Constraints
---------------------------------------------------------------------------------
---------------------------------------------------------------------------------
Finished Applying XDC Timing Constraints : Time (s): cpu = 00:00:46 ; elapsed = 00:01:29 . Memory (MB): peak = 2797.266 ; gain = 64.027 ; free physical = 7522 ; free virtual = 8660
---------------------------------------------------------------------------------
---------------------------------------------------------------------------------
Start Timing Optimization
---------------------------------------------------------------------------------
---------------------------------------------------------------------------------
Finished Timing Optimization : Time (s): cpu = 00:00:46 ; elapsed = 00:01:29 . Memory (MB): peak = 2797.266 ; gain = 64.027 ; free physical = 7510 ; free virtual = 8657
---------------------------------------------------------------------------------
---------------------------------------------------------------------------------
Start Technology Mapping
---------------------------------------------------------------------------------
---------------------------------------------------------------------------------
Finished Technology Mapping : Time (s): cpu = 00:00:46 ; elapsed = 00:01:29 . Memory (MB): peak = 2797.266 ; gain = 64.027 ; free physical = 7500 ; free virtual = 8647
---------------------------------------------------------------------------------
---------------------------------------------------------------------------------
Start IO Insertion
---------------------------------------------------------------------------------
---------------------------------------------------------------------------------
Start Flattening Before IO Insertion
---------------------------------------------------------------------------------
---------------------------------------------------------------------------------
Finished Flattening Before IO Insertion
---------------------------------------------------------------------------------
---------------------------------------------------------------------------------
Start Final Netlist Cleanup
---------------------------------------------------------------------------------
---------------------------------------------------------------------------------
Finished Final Netlist Cleanup
---------------------------------------------------------------------------------
---------------------------------------------------------------------------------
Finished IO Insertion : Time (s): cpu = 00:00:55 ; elapsed = 00:01:40 . Memory (MB): peak = 2797.266 ; gain = 64.027 ; free physical = 9288 ; free virtual = 10491
---------------------------------------------------------------------------------
---------------------------------------------------------------------------------
Start Renaming Generated Instances
---------------------------------------------------------------------------------
---------------------------------------------------------------------------------
Finished Renaming Generated Instances : Time (s): cpu = 00:00:55 ; elapsed = 00:01:40 . Memory (MB): peak = 2797.266 ; gain = 64.027 ; free physical = 9289 ; free virtual = 10492
---------------------------------------------------------------------------------
---------------------------------------------------------------------------------
Start Rebuilding User Hierarchy
---------------------------------------------------------------------------------
---------------------------------------------------------------------------------
Finished Rebuilding User Hierarchy : Time (s): cpu = 00:00:55 ; elapsed = 00:01:40 . Memory (MB): peak = 2797.266 ; gain = 64.027 ; free physical = 9305 ; free virtual = 10510
---------------------------------------------------------------------------------
---------------------------------------------------------------------------------
Start Renaming Generated Ports
---------------------------------------------------------------------------------
---------------------------------------------------------------------------------
Finished Renaming Generated Ports : Time (s): cpu = 00:00:55 ; elapsed = 00:01:40 . Memory (MB): peak = 2797.266 ; gain = 64.027 ; free physical = 9309 ; free virtual = 10514
---------------------------------------------------------------------------------
---------------------------------------------------------------------------------
Start Handling Custom Attributes
---------------------------------------------------------------------------------
---------------------------------------------------------------------------------
Finished Handling Custom Attributes : Time (s): cpu = 00:00:55 ; elapsed = 00:01:40 . Memory (MB): peak = 2797.266 ; gain = 64.027 ; free physical = 9322 ; free virtual = 10528
---------------------------------------------------------------------------------
---------------------------------------------------------------------------------
Start Renaming Generated Nets
---------------------------------------------------------------------------------
---------------------------------------------------------------------------------
Finished Renaming Generated Nets : Time (s): cpu = 00:00:55 ; elapsed = 00:01:40 . Memory (MB): peak = 2797.266 ; gain = 64.027 ; free physical = 9321 ; free virtual = 10527
---------------------------------------------------------------------------------
---------------------------------------------------------------------------------
Start Writing Synthesis Report
---------------------------------------------------------------------------------

Report BlackBoxes: 
+-+--------------+----------+
| |BlackBox name |Instances |
+-+--------------+----------+
+-+--------------+----------+

Report Cell Usage: 
+------+-----------+------+
|      |Cell       |Count |
+------+-----------+------+
|1     |BUFIO      |     1|
|2     |BUFR       |     1|
|3     |LUT1       |     3|
|4     |LUT2       |    10|
|5     |LUT3       |    10|
|6     |LUT4       |    41|
|7     |LUT5       |    97|
|8     |LUT6       |    70|
|9     |MMCME2_ADV |     1|
|10    |MUXF7      |    32|
|11    |FDRE       |   325|
|12    |FDSE       |    23|
+------+-----------+------+
---------------------------------------------------------------------------------
Finished Writing Synthesis Report : Time (s): cpu = 00:00:55 ; elapsed = 00:01:40 . Memory (MB): peak = 2797.266 ; gain = 64.027 ; free physical = 9319 ; free virtual = 10526
---------------------------------------------------------------------------------
Synthesis finished with 0 errors, 0 critical warnings and 7 warnings.
Synthesis Optimization Runtime : Time (s): cpu = 00:00:51 ; elapsed = 00:01:35 . Memory (MB): peak = 2797.266 ; gain = 0.000 ; free physical = 9577 ; free virtual = 10787
Synthesis Optimization Complete : Time (s): cpu = 00:00:55 ; elapsed = 00:01:41 . Memory (MB): peak = 2797.266 ; gain = 64.027 ; free physical = 9590 ; free virtual = 10800
INFO: [Project 1-571] Translating synthesized netlist
Netlist sorting complete. Time (s): cpu = 00:00:00.01 ; elapsed = 00:00:00.01 . Memory (MB): peak = 2797.266 ; gain = 0.000 ; free physical = 9667 ; free virtual = 10878
INFO: [Netlist 29-17] Analyzing 34 Unisim elements for replacement
INFO: [Netlist 29-28] Unisim Transformation completed in 0 CPU seconds
INFO: [Project 1-570] Preparing netlist for logic optimization
INFO: [Opt 31-138] Pushed 0 inverter(s) to 0 load pin(s).
Netlist sorting complete. Time (s): cpu = 00:00:00 ; elapsed = 00:00:00 . Memory (MB): peak = 2797.266 ; gain = 0.000 ; free physical = 9773 ; free virtual = 10989
INFO: [Project 1-111] Unisim Transformation Summary:
No Unisim elements were transformed.

Synth Design complete, checksum: dc756d50
INFO: [Common 17-83] Releasing license: Synthesis
40 Infos, 18 Warnings, 0 Critical Warnings and 0 Errors encountered.
synth_design completed successfully
synth_design: Time (s): cpu = 00:01:12 ; elapsed = 00:01:58 . Memory (MB): peak = 2797.266 ; gain = 64.031 ; free physical = 10223 ; free virtual = 11432
INFO: [Common 17-1381] The checkpoint '/home/linux/work/01.petalinux/bsp/zybo-z7-10-bsp/hardware/proj/base-lin.runs/system_axi_dynclk_0_0_synth_1/system_axi_dynclk_0_0.dcp' has been generated.
INFO: [Coretcl 2-1648] Added synthesis output to IP cache for IP system_axi_dynclk_0_0, cache-ID = c593897d3364675f
INFO: [Coretcl 2-1174] Renamed 3 cell refs.
INFO: [Common 17-1381] The checkpoint '/home/linux/work/01.petalinux/bsp/zybo-z7-10-bsp/hardware/proj/base-lin.runs/system_axi_dynclk_0_0_synth_1/system_axi_dynclk_0_0.dcp' has been generated.
INFO: [runtcl-4] Executing : report_utilization -file system_axi_dynclk_0_0_utilization_synth.rpt -pb system_axi_dynclk_0_0_utilization_synth.pb
INFO: [Common 17-206] Exiting Vivado at Wed Dec 14 20:32:49 2022...
