
*** Running vivado
    with args -log system_axi_gpio_video_0.vds -m64 -product Vivado -mode batch -messageDb vivado.pb -notrace -source system_axi_gpio_video_0.tcl


****** Vivado v2022.1 (64-bit)
  **** SW Build 3526262 on Mon Apr 18 15:47:01 MDT 2022
  **** IP Build 3524634 on Mon Apr 18 20:55:01 MDT 2022
    ** Copyright 1986-2022 Xilinx, Inc. All Rights Reserved.

source system_axi_gpio_video_0.tcl -notrace
create_project: Time (s): cpu = 00:00:09 ; elapsed = 00:00:16 . Memory (MB): peak = 2725.293 ; gain = 2.016 ; free physical = 8871 ; free virtual = 12612
INFO: [IP_Flow 19-234] Refreshing IP repositories
INFO: [IP_Flow 19-1700] Loaded user IP repository '/home/linux/work/01.petalinux/bsp/zybo-z7-10-bsp/hardware/repo'.
INFO: [IP_Flow 19-2313] Loaded Vivado IP repository '/home/linux/work/03.install_path/Vivado/2022.1/data/ip'.
Command: synth_design -top system_axi_gpio_video_0 -part xc7z010clg400-1 -incremental_mode off -mode out_of_context
Starting synth_design
Attempting to get a license for feature 'Synthesis' and/or device 'xc7z010'
INFO: [Common 17-349] Got license for feature 'Synthesis' and/or device 'xc7z010'
INFO: [Device 21-403] Loading part xc7z010clg400-1
INFO: [Synth 8-7079] Multithreading enabled for synth_design using a maximum of 4 processes.
INFO: [Synth 8-7078] Launching helper process for spawning children vivado processes
INFO: [Synth 8-7075] Helper process launched with PID 9223
WARNING: [Synth 8-9501] generate block is allowed only inside loop and conditional generate in SystemVerilog mode [/home/linux/work/03.install_path/Vivado/2022.1/data/ip/xpm/xpm_fifo/hdl/xpm_fifo.sv:4023]
---------------------------------------------------------------------------------
Starting RTL Elaboration : Time (s): cpu = 00:00:09 ; elapsed = 00:00:28 . Memory (MB): peak = 2725.297 ; gain = 0.000 ; free physical = 6055 ; free virtual = 6607
---------------------------------------------------------------------------------
INFO: [Synth 8-638] synthesizing module 'system_axi_gpio_video_0' [/home/linux/work/01.petalinux/bsp/zybo-z7-10-bsp/hardware/src/bd/system/ip/system_axi_gpio_video_0/synth/system_axi_gpio_video_0.vhd:86]
	Parameter C_FAMILY bound to: zynq - type: string 
	Parameter C_S_AXI_ADDR_WIDTH bound to: 9 - type: integer 
	Parameter C_S_AXI_DATA_WIDTH bound to: 32 - type: integer 
	Parameter C_GPIO_WIDTH bound to: 1 - type: integer 
	Parameter C_GPIO2_WIDTH bound to: 1 - type: integer 
	Parameter C_ALL_INPUTS bound to: 0 - type: integer 
	Parameter C_ALL_INPUTS_2 bound to: 1 - type: integer 
	Parameter C_ALL_OUTPUTS bound to: 1 - type: integer 
	Parameter C_ALL_OUTPUTS_2 bound to: 0 - type: integer 
	Parameter C_INTERRUPT_PRESENT bound to: 1 - type: integer 
	Parameter C_DOUT_DEFAULT bound to: 32'b00000000000000000000000000000000 
	Parameter C_TRI_DEFAULT bound to: 32'b11111111111111111111111111111111 
	Parameter C_IS_DUAL bound to: 1 - type: integer 
	Parameter C_DOUT_DEFAULT_2 bound to: 32'b00000000000000000000000000000000 
	Parameter C_TRI_DEFAULT_2 bound to: 32'b11111111111111111111111111111111 
INFO: [Synth 8-3491] module 'axi_gpio' declared at '/home/linux/work/01.petalinux/bsp/zybo-z7-10-bsp/hardware/src/bd/system/ipshared/3ed9/hdl/axi_gpio_v2_0_vh_rfs.vhd:1265' bound to instance 'U0' of component 'axi_gpio' [/home/linux/work/01.petalinux/bsp/zybo-z7-10-bsp/hardware/src/bd/system/ip/system_axi_gpio_video_0/synth/system_axi_gpio_video_0.vhd:174]
INFO: [Synth 8-638] synthesizing module 'axi_gpio' [/home/linux/work/01.petalinux/bsp/zybo-z7-10-bsp/hardware/src/bd/system/ipshared/3ed9/hdl/axi_gpio_v2_0_vh_rfs.vhd:1351]
INFO: [Synth 8-638] synthesizing module 'axi_lite_ipif' [/home/linux/work/01.petalinux/bsp/zybo-z7-10-bsp/hardware/src/bd/system/ipshared/66ea/hdl/axi_lite_ipif_v3_0_vh_rfs.vhd:2948]
INFO: [Synth 8-638] synthesizing module 'slave_attachment' [/home/linux/work/01.petalinux/bsp/zybo-z7-10-bsp/hardware/src/bd/system/ipshared/66ea/hdl/axi_lite_ipif_v3_0_vh_rfs.vhd:2341]
INFO: [Synth 8-638] synthesizing module 'address_decoder' [/home/linux/work/01.petalinux/bsp/zybo-z7-10-bsp/hardware/src/bd/system/ipshared/66ea/hdl/axi_lite_ipif_v3_0_vh_rfs.vhd:1775]
INFO: [Synth 8-638] synthesizing module 'pselect_f' [/home/linux/work/01.petalinux/bsp/zybo-z7-10-bsp/hardware/src/bd/system/ipshared/66ea/hdl/axi_lite_ipif_v3_0_vh_rfs.vhd:1534]
INFO: [Synth 8-256] done synthesizing module 'pselect_f' (0#1) [/home/linux/work/01.petalinux/bsp/zybo-z7-10-bsp/hardware/src/bd/system/ipshared/66ea/hdl/axi_lite_ipif_v3_0_vh_rfs.vhd:1534]
INFO: [Synth 8-638] synthesizing module 'pselect_f__parameterized0' [/home/linux/work/01.petalinux/bsp/zybo-z7-10-bsp/hardware/src/bd/system/ipshared/66ea/hdl/axi_lite_ipif_v3_0_vh_rfs.vhd:1534]
INFO: [Synth 8-256] done synthesizing module 'pselect_f__parameterized0' (0#1) [/home/linux/work/01.petalinux/bsp/zybo-z7-10-bsp/hardware/src/bd/system/ipshared/66ea/hdl/axi_lite_ipif_v3_0_vh_rfs.vhd:1534]
INFO: [Synth 8-638] synthesizing module 'pselect_f__parameterized1' [/home/linux/work/01.petalinux/bsp/zybo-z7-10-bsp/hardware/src/bd/system/ipshared/66ea/hdl/axi_lite_ipif_v3_0_vh_rfs.vhd:1534]
INFO: [Synth 8-256] done synthesizing module 'pselect_f__parameterized1' (0#1) [/home/linux/work/01.petalinux/bsp/zybo-z7-10-bsp/hardware/src/bd/system/ipshared/66ea/hdl/axi_lite_ipif_v3_0_vh_rfs.vhd:1534]
INFO: [Synth 8-638] synthesizing module 'pselect_f__parameterized2' [/home/linux/work/01.petalinux/bsp/zybo-z7-10-bsp/hardware/src/bd/system/ipshared/66ea/hdl/axi_lite_ipif_v3_0_vh_rfs.vhd:1534]
INFO: [Synth 8-256] done synthesizing module 'pselect_f__parameterized2' (0#1) [/home/linux/work/01.petalinux/bsp/zybo-z7-10-bsp/hardware/src/bd/system/ipshared/66ea/hdl/axi_lite_ipif_v3_0_vh_rfs.vhd:1534]
INFO: [Synth 8-638] synthesizing module 'pselect_f__parameterized3' [/home/linux/work/01.petalinux/bsp/zybo-z7-10-bsp/hardware/src/bd/system/ipshared/66ea/hdl/axi_lite_ipif_v3_0_vh_rfs.vhd:1534]
INFO: [Synth 8-256] done synthesizing module 'pselect_f__parameterized3' (0#1) [/home/linux/work/01.petalinux/bsp/zybo-z7-10-bsp/hardware/src/bd/system/ipshared/66ea/hdl/axi_lite_ipif_v3_0_vh_rfs.vhd:1534]
INFO: [Synth 8-638] synthesizing module 'pselect_f__parameterized4' [/home/linux/work/01.petalinux/bsp/zybo-z7-10-bsp/hardware/src/bd/system/ipshared/66ea/hdl/axi_lite_ipif_v3_0_vh_rfs.vhd:1534]
INFO: [Synth 8-256] done synthesizing module 'pselect_f__parameterized4' (0#1) [/home/linux/work/01.petalinux/bsp/zybo-z7-10-bsp/hardware/src/bd/system/ipshared/66ea/hdl/axi_lite_ipif_v3_0_vh_rfs.vhd:1534]
INFO: [Synth 8-638] synthesizing module 'pselect_f__parameterized5' [/home/linux/work/01.petalinux/bsp/zybo-z7-10-bsp/hardware/src/bd/system/ipshared/66ea/hdl/axi_lite_ipif_v3_0_vh_rfs.vhd:1534]
INFO: [Synth 8-256] done synthesizing module 'pselect_f__parameterized5' (0#1) [/home/linux/work/01.petalinux/bsp/zybo-z7-10-bsp/hardware/src/bd/system/ipshared/66ea/hdl/axi_lite_ipif_v3_0_vh_rfs.vhd:1534]
INFO: [Synth 8-638] synthesizing module 'pselect_f__parameterized6' [/home/linux/work/01.petalinux/bsp/zybo-z7-10-bsp/hardware/src/bd/system/ipshared/66ea/hdl/axi_lite_ipif_v3_0_vh_rfs.vhd:1534]
INFO: [Synth 8-256] done synthesizing module 'pselect_f__parameterized6' (0#1) [/home/linux/work/01.petalinux/bsp/zybo-z7-10-bsp/hardware/src/bd/system/ipshared/66ea/hdl/axi_lite_ipif_v3_0_vh_rfs.vhd:1534]
INFO: [Synth 8-638] synthesizing module 'pselect_f__parameterized7' [/home/linux/work/01.petalinux/bsp/zybo-z7-10-bsp/hardware/src/bd/system/ipshared/66ea/hdl/axi_lite_ipif_v3_0_vh_rfs.vhd:1534]
INFO: [Synth 8-256] done synthesizing module 'pselect_f__parameterized7' (0#1) [/home/linux/work/01.petalinux/bsp/zybo-z7-10-bsp/hardware/src/bd/system/ipshared/66ea/hdl/axi_lite_ipif_v3_0_vh_rfs.vhd:1534]
INFO: [Synth 8-638] synthesizing module 'pselect_f__parameterized8' [/home/linux/work/01.petalinux/bsp/zybo-z7-10-bsp/hardware/src/bd/system/ipshared/66ea/hdl/axi_lite_ipif_v3_0_vh_rfs.vhd:1534]
INFO: [Synth 8-256] done synthesizing module 'pselect_f__parameterized8' (0#1) [/home/linux/work/01.petalinux/bsp/zybo-z7-10-bsp/hardware/src/bd/system/ipshared/66ea/hdl/axi_lite_ipif_v3_0_vh_rfs.vhd:1534]
INFO: [Synth 8-638] synthesizing module 'pselect_f__parameterized9' [/home/linux/work/01.petalinux/bsp/zybo-z7-10-bsp/hardware/src/bd/system/ipshared/66ea/hdl/axi_lite_ipif_v3_0_vh_rfs.vhd:1534]
INFO: [Synth 8-256] done synthesizing module 'pselect_f__parameterized9' (0#1) [/home/linux/work/01.petalinux/bsp/zybo-z7-10-bsp/hardware/src/bd/system/ipshared/66ea/hdl/axi_lite_ipif_v3_0_vh_rfs.vhd:1534]
INFO: [Synth 8-638] synthesizing module 'pselect_f__parameterized10' [/home/linux/work/01.petalinux/bsp/zybo-z7-10-bsp/hardware/src/bd/system/ipshared/66ea/hdl/axi_lite_ipif_v3_0_vh_rfs.vhd:1534]
INFO: [Synth 8-256] done synthesizing module 'pselect_f__parameterized10' (0#1) [/home/linux/work/01.petalinux/bsp/zybo-z7-10-bsp/hardware/src/bd/system/ipshared/66ea/hdl/axi_lite_ipif_v3_0_vh_rfs.vhd:1534]
INFO: [Synth 8-638] synthesizing module 'pselect_f__parameterized11' [/home/linux/work/01.petalinux/bsp/zybo-z7-10-bsp/hardware/src/bd/system/ipshared/66ea/hdl/axi_lite_ipif_v3_0_vh_rfs.vhd:1534]
INFO: [Synth 8-256] done synthesizing module 'pselect_f__parameterized11' (0#1) [/home/linux/work/01.petalinux/bsp/zybo-z7-10-bsp/hardware/src/bd/system/ipshared/66ea/hdl/axi_lite_ipif_v3_0_vh_rfs.vhd:1534]
INFO: [Synth 8-638] synthesizing module 'pselect_f__parameterized12' [/home/linux/work/01.petalinux/bsp/zybo-z7-10-bsp/hardware/src/bd/system/ipshared/66ea/hdl/axi_lite_ipif_v3_0_vh_rfs.vhd:1534]
INFO: [Synth 8-256] done synthesizing module 'pselect_f__parameterized12' (0#1) [/home/linux/work/01.petalinux/bsp/zybo-z7-10-bsp/hardware/src/bd/system/ipshared/66ea/hdl/axi_lite_ipif_v3_0_vh_rfs.vhd:1534]
INFO: [Synth 8-638] synthesizing module 'pselect_f__parameterized13' [/home/linux/work/01.petalinux/bsp/zybo-z7-10-bsp/hardware/src/bd/system/ipshared/66ea/hdl/axi_lite_ipif_v3_0_vh_rfs.vhd:1534]
INFO: [Synth 8-256] done synthesizing module 'pselect_f__parameterized13' (0#1) [/home/linux/work/01.petalinux/bsp/zybo-z7-10-bsp/hardware/src/bd/system/ipshared/66ea/hdl/axi_lite_ipif_v3_0_vh_rfs.vhd:1534]
INFO: [Synth 8-638] synthesizing module 'pselect_f__parameterized14' [/home/linux/work/01.petalinux/bsp/zybo-z7-10-bsp/hardware/src/bd/system/ipshared/66ea/hdl/axi_lite_ipif_v3_0_vh_rfs.vhd:1534]
INFO: [Synth 8-256] done synthesizing module 'pselect_f__parameterized14' (0#1) [/home/linux/work/01.petalinux/bsp/zybo-z7-10-bsp/hardware/src/bd/system/ipshared/66ea/hdl/axi_lite_ipif_v3_0_vh_rfs.vhd:1534]
INFO: [Synth 8-638] synthesizing module 'pselect_f__parameterized15' [/home/linux/work/01.petalinux/bsp/zybo-z7-10-bsp/hardware/src/bd/system/ipshared/66ea/hdl/axi_lite_ipif_v3_0_vh_rfs.vhd:1534]
INFO: [Synth 8-256] done synthesizing module 'pselect_f__parameterized15' (0#1) [/home/linux/work/01.petalinux/bsp/zybo-z7-10-bsp/hardware/src/bd/system/ipshared/66ea/hdl/axi_lite_ipif_v3_0_vh_rfs.vhd:1534]
INFO: [Synth 8-638] synthesizing module 'pselect_f__parameterized16' [/home/linux/work/01.petalinux/bsp/zybo-z7-10-bsp/hardware/src/bd/system/ipshared/66ea/hdl/axi_lite_ipif_v3_0_vh_rfs.vhd:1534]
INFO: [Synth 8-256] done synthesizing module 'pselect_f__parameterized16' (0#1) [/home/linux/work/01.petalinux/bsp/zybo-z7-10-bsp/hardware/src/bd/system/ipshared/66ea/hdl/axi_lite_ipif_v3_0_vh_rfs.vhd:1534]
INFO: [Synth 8-638] synthesizing module 'pselect_f__parameterized17' [/home/linux/work/01.petalinux/bsp/zybo-z7-10-bsp/hardware/src/bd/system/ipshared/66ea/hdl/axi_lite_ipif_v3_0_vh_rfs.vhd:1534]
INFO: [Synth 8-256] done synthesizing module 'pselect_f__parameterized17' (0#1) [/home/linux/work/01.petalinux/bsp/zybo-z7-10-bsp/hardware/src/bd/system/ipshared/66ea/hdl/axi_lite_ipif_v3_0_vh_rfs.vhd:1534]
INFO: [Synth 8-638] synthesizing module 'pselect_f__parameterized18' [/home/linux/work/01.petalinux/bsp/zybo-z7-10-bsp/hardware/src/bd/system/ipshared/66ea/hdl/axi_lite_ipif_v3_0_vh_rfs.vhd:1534]
INFO: [Synth 8-256] done synthesizing module 'pselect_f__parameterized18' (0#1) [/home/linux/work/01.petalinux/bsp/zybo-z7-10-bsp/hardware/src/bd/system/ipshared/66ea/hdl/axi_lite_ipif_v3_0_vh_rfs.vhd:1534]
INFO: [Synth 8-638] synthesizing module 'pselect_f__parameterized19' [/home/linux/work/01.petalinux/bsp/zybo-z7-10-bsp/hardware/src/bd/system/ipshared/66ea/hdl/axi_lite_ipif_v3_0_vh_rfs.vhd:1534]
INFO: [Synth 8-256] done synthesizing module 'pselect_f__parameterized19' (0#1) [/home/linux/work/01.petalinux/bsp/zybo-z7-10-bsp/hardware/src/bd/system/ipshared/66ea/hdl/axi_lite_ipif_v3_0_vh_rfs.vhd:1534]
INFO: [Synth 8-638] synthesizing module 'pselect_f__parameterized20' [/home/linux/work/01.petalinux/bsp/zybo-z7-10-bsp/hardware/src/bd/system/ipshared/66ea/hdl/axi_lite_ipif_v3_0_vh_rfs.vhd:1534]
INFO: [Synth 8-256] done synthesizing module 'pselect_f__parameterized20' (0#1) [/home/linux/work/01.petalinux/bsp/zybo-z7-10-bsp/hardware/src/bd/system/ipshared/66ea/hdl/axi_lite_ipif_v3_0_vh_rfs.vhd:1534]
INFO: [Synth 8-256] done synthesizing module 'address_decoder' (0#1) [/home/linux/work/01.petalinux/bsp/zybo-z7-10-bsp/hardware/src/bd/system/ipshared/66ea/hdl/axi_lite_ipif_v3_0_vh_rfs.vhd:1775]
INFO: [Synth 8-226] default block is never used [/home/linux/work/01.petalinux/bsp/zybo-z7-10-bsp/hardware/src/bd/system/ipshared/66ea/hdl/axi_lite_ipif_v3_0_vh_rfs.vhd:2550]
INFO: [Synth 8-256] done synthesizing module 'slave_attachment' (0#1) [/home/linux/work/01.petalinux/bsp/zybo-z7-10-bsp/hardware/src/bd/system/ipshared/66ea/hdl/axi_lite_ipif_v3_0_vh_rfs.vhd:2341]
INFO: [Synth 8-256] done synthesizing module 'axi_lite_ipif' (0#1) [/home/linux/work/01.petalinux/bsp/zybo-z7-10-bsp/hardware/src/bd/system/ipshared/66ea/hdl/axi_lite_ipif_v3_0_vh_rfs.vhd:2948]
INFO: [Synth 8-638] synthesizing module 'interrupt_control' [/home/linux/work/01.petalinux/bsp/zybo-z7-10-bsp/hardware/src/bd/system/ipshared/a040/hdl/interrupt_control_v3_1_vh_rfs.vhd:259]
INFO: [Synth 8-256] done synthesizing module 'interrupt_control' (0#1) [/home/linux/work/01.petalinux/bsp/zybo-z7-10-bsp/hardware/src/bd/system/ipshared/a040/hdl/interrupt_control_v3_1_vh_rfs.vhd:259]
INFO: [Synth 8-638] synthesizing module 'GPIO_Core' [/home/linux/work/01.petalinux/bsp/zybo-z7-10-bsp/hardware/src/bd/system/ipshared/3ed9/hdl/axi_gpio_v2_0_vh_rfs.vhd:178]
INFO: [Synth 8-226] default block is never used [/home/linux/work/01.petalinux/bsp/zybo-z7-10-bsp/hardware/src/bd/system/ipshared/3ed9/hdl/axi_gpio_v2_0_vh_rfs.vhd:835]
INFO: [Synth 8-638] synthesizing module 'cdc_sync' [/home/linux/work/01.petalinux/bsp/zybo-z7-10-bsp/hardware/src/bd/system/ipshared/ef1e/hdl/lib_cdc_v1_0_rfs.vhd:106]
	Parameter INIT bound to: 1'b0 
INFO: [Synth 8-113] binding component instance 'CROSS2_PLEVEL_IN2SCNDRY_IN_cdc_to' to cell 'FDR' [/home/linux/work/01.petalinux/bsp/zybo-z7-10-bsp/hardware/src/bd/system/ipshared/ef1e/hdl/lib_cdc_v1_0_rfs.vhd:736]
	Parameter INIT bound to: 1'b0 
INFO: [Synth 8-113] binding component instance 'CROSS2_PLEVEL_IN2SCNDRY_s_level_out_bus_d2' to cell 'FDR' [/home/linux/work/01.petalinux/bsp/zybo-z7-10-bsp/hardware/src/bd/system/ipshared/ef1e/hdl/lib_cdc_v1_0_rfs.vhd:772]
	Parameter INIT bound to: 1'b0 
INFO: [Synth 8-113] binding component instance 'CROSS2_PLEVEL_IN2SCNDRY_s_level_out_bus_d3' to cell 'FDR' [/home/linux/work/01.petalinux/bsp/zybo-z7-10-bsp/hardware/src/bd/system/ipshared/ef1e/hdl/lib_cdc_v1_0_rfs.vhd:788]
	Parameter INIT bound to: 1'b0 
INFO: [Synth 8-113] binding component instance 'CROSS2_PLEVEL_IN2SCNDRY_s_level_out_bus_d4' to cell 'FDR' [/home/linux/work/01.petalinux/bsp/zybo-z7-10-bsp/hardware/src/bd/system/ipshared/ef1e/hdl/lib_cdc_v1_0_rfs.vhd:804]
	Parameter INIT bound to: 1'b0 
INFO: [Synth 8-113] binding component instance 'CROSS2_PLEVEL_IN2SCNDRY_s_level_out_bus_d5' to cell 'FDR' [/home/linux/work/01.petalinux/bsp/zybo-z7-10-bsp/hardware/src/bd/system/ipshared/ef1e/hdl/lib_cdc_v1_0_rfs.vhd:821]
	Parameter INIT bound to: 1'b0 
INFO: [Synth 8-113] binding component instance 'CROSS2_PLEVEL_IN2SCNDRY_s_level_out_bus_d6' to cell 'FDR' [/home/linux/work/01.petalinux/bsp/zybo-z7-10-bsp/hardware/src/bd/system/ipshared/ef1e/hdl/lib_cdc_v1_0_rfs.vhd:837]
INFO: [Synth 8-256] done synthesizing module 'cdc_sync' (0#1) [/home/linux/work/01.petalinux/bsp/zybo-z7-10-bsp/hardware/src/bd/system/ipshared/ef1e/hdl/lib_cdc_v1_0_rfs.vhd:106]
INFO: [Synth 8-256] done synthesizing module 'GPIO_Core' (0#1) [/home/linux/work/01.petalinux/bsp/zybo-z7-10-bsp/hardware/src/bd/system/ipshared/3ed9/hdl/axi_gpio_v2_0_vh_rfs.vhd:178]
INFO: [Synth 8-256] done synthesizing module 'axi_gpio' (0#1) [/home/linux/work/01.petalinux/bsp/zybo-z7-10-bsp/hardware/src/bd/system/ipshared/3ed9/hdl/axi_gpio_v2_0_vh_rfs.vhd:1351]
INFO: [Synth 8-256] done synthesizing module 'system_axi_gpio_video_0' (0#1) [/home/linux/work/01.petalinux/bsp/zybo-z7-10-bsp/hardware/src/bd/system/ip/system_axi_gpio_video_0/synth/system_axi_gpio_video_0.vhd:86]
WARNING: [Synth 8-6014] Unused sequential element Dual.ALLOUT0_ND_G1.READ_REG_GEN[0].GPIO_DBus_i_reg was removed.  [/home/linux/work/01.petalinux/bsp/zybo-z7-10-bsp/hardware/src/bd/system/ipshared/3ed9/hdl/axi_gpio_v2_0_vh_rfs.vhd:690]
WARNING: [Synth 8-6014] Unused sequential element Dual.ALLIN0_ND_G2.READ_REG2_GEN[0].GPIO2_DBus_i_reg was removed.  [/home/linux/work/01.petalinux/bsp/zybo-z7-10-bsp/hardware/src/bd/system/ipshared/3ed9/hdl/axi_gpio_v2_0_vh_rfs.vhd:719]
WARNING: [Synth 8-7129] Port prmry_aclk in module cdc_sync is either unconnected or has no load
WARNING: [Synth 8-7129] Port prmry_resetn in module cdc_sync is either unconnected or has no load
WARNING: [Synth 8-7129] Port prmry_in in module cdc_sync is either unconnected or has no load
WARNING: [Synth 8-7129] Port scndry_resetn in module cdc_sync is either unconnected or has no load
WARNING: [Synth 8-7129] Port ABus_Reg[1] in module GPIO_Core is either unconnected or has no load
WARNING: [Synth 8-7129] Port ABus_Reg[2] in module GPIO_Core is either unconnected or has no load
WARNING: [Synth 8-7129] Port ABus_Reg[3] in module GPIO_Core is either unconnected or has no load
WARNING: [Synth 8-7129] Port ABus_Reg[4] in module GPIO_Core is either unconnected or has no load
WARNING: [Synth 8-7129] Port ABus_Reg[7] in module GPIO_Core is either unconnected or has no load
WARNING: [Synth 8-7129] Port ABus_Reg[8] in module GPIO_Core is either unconnected or has no load
WARNING: [Synth 8-7129] Port BE_Reg[0] in module GPIO_Core is either unconnected or has no load
WARNING: [Synth 8-7129] Port BE_Reg[1] in module GPIO_Core is either unconnected or has no load
WARNING: [Synth 8-7129] Port BE_Reg[2] in module GPIO_Core is either unconnected or has no load
WARNING: [Synth 8-7129] Port BE_Reg[3] in module GPIO_Core is either unconnected or has no load
WARNING: [Synth 8-7129] Port bus2ip_data[1] in module interrupt_control is either unconnected or has no load
WARNING: [Synth 8-7129] Port bus2ip_data[2] in module interrupt_control is either unconnected or has no load
WARNING: [Synth 8-7129] Port bus2ip_data[3] in module interrupt_control is either unconnected or has no load
WARNING: [Synth 8-7129] Port bus2ip_data[4] in module interrupt_control is either unconnected or has no load
WARNING: [Synth 8-7129] Port bus2ip_data[5] in module interrupt_control is either unconnected or has no load
WARNING: [Synth 8-7129] Port bus2ip_data[6] in module interrupt_control is either unconnected or has no load
WARNING: [Synth 8-7129] Port bus2ip_data[7] in module interrupt_control is either unconnected or has no load
WARNING: [Synth 8-7129] Port bus2ip_data[8] in module interrupt_control is either unconnected or has no load
WARNING: [Synth 8-7129] Port bus2ip_data[9] in module interrupt_control is either unconnected or has no load
WARNING: [Synth 8-7129] Port bus2ip_data[10] in module interrupt_control is either unconnected or has no load
WARNING: [Synth 8-7129] Port bus2ip_data[11] in module interrupt_control is either unconnected or has no load
WARNING: [Synth 8-7129] Port bus2ip_data[12] in module interrupt_control is either unconnected or has no load
WARNING: [Synth 8-7129] Port bus2ip_data[13] in module interrupt_control is either unconnected or has no load
WARNING: [Synth 8-7129] Port bus2ip_data[14] in module interrupt_control is either unconnected or has no load
WARNING: [Synth 8-7129] Port bus2ip_data[15] in module interrupt_control is either unconnected or has no load
WARNING: [Synth 8-7129] Port bus2ip_data[16] in module interrupt_control is either unconnected or has no load
WARNING: [Synth 8-7129] Port bus2ip_data[17] in module interrupt_control is either unconnected or has no load
WARNING: [Synth 8-7129] Port bus2ip_data[18] in module interrupt_control is either unconnected or has no load
WARNING: [Synth 8-7129] Port bus2ip_data[19] in module interrupt_control is either unconnected or has no load
WARNING: [Synth 8-7129] Port bus2ip_data[20] in module interrupt_control is either unconnected or has no load
WARNING: [Synth 8-7129] Port bus2ip_data[21] in module interrupt_control is either unconnected or has no load
WARNING: [Synth 8-7129] Port bus2ip_data[22] in module interrupt_control is either unconnected or has no load
WARNING: [Synth 8-7129] Port bus2ip_data[23] in module interrupt_control is either unconnected or has no load
WARNING: [Synth 8-7129] Port bus2ip_data[24] in module interrupt_control is either unconnected or has no load
WARNING: [Synth 8-7129] Port bus2ip_data[25] in module interrupt_control is either unconnected or has no load
WARNING: [Synth 8-7129] Port bus2ip_data[26] in module interrupt_control is either unconnected or has no load
WARNING: [Synth 8-7129] Port bus2ip_data[27] in module interrupt_control is either unconnected or has no load
WARNING: [Synth 8-7129] Port bus2ip_data[28] in module interrupt_control is either unconnected or has no load
WARNING: [Synth 8-7129] Port bus2ip_data[29] in module interrupt_control is either unconnected or has no load
WARNING: [Synth 8-7129] Port bus2ip_be[1] in module interrupt_control is either unconnected or has no load
WARNING: [Synth 8-7129] Port bus2ip_be[2] in module interrupt_control is either unconnected or has no load
WARNING: [Synth 8-7129] Port bus2ip_be[3] in module interrupt_control is either unconnected or has no load
WARNING: [Synth 8-7129] Port interrupt_rdce[0] in module interrupt_control is either unconnected or has no load
WARNING: [Synth 8-7129] Port interrupt_rdce[1] in module interrupt_control is either unconnected or has no load
WARNING: [Synth 8-7129] Port interrupt_rdce[2] in module interrupt_control is either unconnected or has no load
WARNING: [Synth 8-7129] Port interrupt_rdce[3] in module interrupt_control is either unconnected or has no load
WARNING: [Synth 8-7129] Port interrupt_rdce[4] in module interrupt_control is either unconnected or has no load
WARNING: [Synth 8-7129] Port interrupt_rdce[5] in module interrupt_control is either unconnected or has no load
WARNING: [Synth 8-7129] Port interrupt_rdce[6] in module interrupt_control is either unconnected or has no load
WARNING: [Synth 8-7129] Port interrupt_rdce[9] in module interrupt_control is either unconnected or has no load
WARNING: [Synth 8-7129] Port interrupt_rdce[11] in module interrupt_control is either unconnected or has no load
WARNING: [Synth 8-7129] Port interrupt_rdce[12] in module interrupt_control is either unconnected or has no load
WARNING: [Synth 8-7129] Port interrupt_rdce[13] in module interrupt_control is either unconnected or has no load
WARNING: [Synth 8-7129] Port interrupt_rdce[14] in module interrupt_control is either unconnected or has no load
WARNING: [Synth 8-7129] Port interrupt_rdce[15] in module interrupt_control is either unconnected or has no load
WARNING: [Synth 8-7129] Port interrupt_wrce[0] in module interrupt_control is either unconnected or has no load
WARNING: [Synth 8-7129] Port interrupt_wrce[1] in module interrupt_control is either unconnected or has no load
WARNING: [Synth 8-7129] Port interrupt_wrce[2] in module interrupt_control is either unconnected or has no load
WARNING: [Synth 8-7129] Port interrupt_wrce[3] in module interrupt_control is either unconnected or has no load
WARNING: [Synth 8-7129] Port interrupt_wrce[4] in module interrupt_control is either unconnected or has no load
WARNING: [Synth 8-7129] Port interrupt_wrce[5] in module interrupt_control is either unconnected or has no load
WARNING: [Synth 8-7129] Port interrupt_wrce[6] in module interrupt_control is either unconnected or has no load
WARNING: [Synth 8-7129] Port interrupt_wrce[9] in module interrupt_control is either unconnected or has no load
WARNING: [Synth 8-7129] Port interrupt_wrce[11] in module interrupt_control is either unconnected or has no load
WARNING: [Synth 8-7129] Port interrupt_wrce[12] in module interrupt_control is either unconnected or has no load
WARNING: [Synth 8-7129] Port interrupt_wrce[13] in module interrupt_control is either unconnected or has no load
WARNING: [Synth 8-7129] Port interrupt_wrce[14] in module interrupt_control is either unconnected or has no load
WARNING: [Synth 8-7129] Port interrupt_wrce[15] in module interrupt_control is either unconnected or has no load
WARNING: [Synth 8-7129] Port ipif_reg_interrupts[0] in module interrupt_control is either unconnected or has no load
WARNING: [Synth 8-7129] Port ipif_reg_interrupts[1] in module interrupt_control is either unconnected or has no load
WARNING: [Synth 8-7129] Port ipif_lvl_interrupts[0] in module interrupt_control is either unconnected or has no load
WARNING: [Synth 8-7129] Port A[1] in module pselect_f__parameterized4 is either unconnected or has no load
WARNING: [Synth 8-7129] Port A[2] in module pselect_f__parameterized4 is either unconnected or has no load
WARNING: [Synth 8-7129] Port A[3] in module pselect_f__parameterized4 is either unconnected or has no load
WARNING: [Synth 8-7129] Port A[4] in module pselect_f__parameterized4 is either unconnected or has no load
WARNING: [Synth 8-7129] Port A[5] in module pselect_f__parameterized4 is either unconnected or has no load
WARNING: [Synth 8-7129] Port A[6] in module pselect_f__parameterized4 is either unconnected or has no load
WARNING: [Synth 8-7129] Port A[7] in module pselect_f__parameterized4 is either unconnected or has no load
WARNING: [Synth 8-7129] Port A[8] in module pselect_f__parameterized4 is either unconnected or has no load
WARNING: [Synth 8-7129] Port A[5] in module pselect_f is either unconnected or has no load
WARNING: [Synth 8-7129] Port A[6] in module pselect_f is either unconnected or has no load
WARNING: [Synth 8-7129] Port A[7] in module pselect_f is either unconnected or has no load
WARNING: [Synth 8-7129] Port A[8] in module pselect_f is either unconnected or has no load
WARNING: [Synth 8-7129] Port Bus_RNW in module address_decoder is either unconnected or has no load
WARNING: [Synth 8-7129] Port S_AXI_WSTRB[3] in module slave_attachment is either unconnected or has no load
WARNING: [Synth 8-7129] Port S_AXI_WSTRB[2] in module slave_attachment is either unconnected or has no load
WARNING: [Synth 8-7129] Port S_AXI_WSTRB[1] in module slave_attachment is either unconnected or has no load
WARNING: [Synth 8-7129] Port S_AXI_WSTRB[0] in module slave_attachment is either unconnected or has no load
---------------------------------------------------------------------------------
Finished RTL Elaboration : Time (s): cpu = 00:00:12 ; elapsed = 00:00:35 . Memory (MB): peak = 2725.297 ; gain = 0.000 ; free physical = 8424 ; free virtual = 9122
---------------------------------------------------------------------------------
---------------------------------------------------------------------------------
Start Handling Custom Attributes
---------------------------------------------------------------------------------
---------------------------------------------------------------------------------
Finished Handling Custom Attributes : Time (s): cpu = 00:00:12 ; elapsed = 00:00:35 . Memory (MB): peak = 2725.297 ; gain = 0.000 ; free physical = 8550 ; free virtual = 9257
---------------------------------------------------------------------------------
---------------------------------------------------------------------------------
Finished RTL Optimization Phase 1 : Time (s): cpu = 00:00:12 ; elapsed = 00:00:35 . Memory (MB): peak = 2725.297 ; gain = 0.000 ; free physical = 8550 ; free virtual = 9257
---------------------------------------------------------------------------------
Netlist sorting complete. Time (s): cpu = 00:00:00.02 ; elapsed = 00:00:00.07 . Memory (MB): peak = 2725.297 ; gain = 0.000 ; free physical = 8743 ; free virtual = 9468
INFO: [Netlist 29-17] Analyzing 12 Unisim elements for replacement
INFO: [Netlist 29-28] Unisim Transformation completed in 0 CPU seconds
INFO: [Project 1-570] Preparing netlist for logic optimization

Processing XDC Constraints
Initializing timing engine
Parsing XDC File [/home/linux/work/01.petalinux/bsp/zybo-z7-10-bsp/hardware/src/bd/system/ip/system_axi_gpio_video_0/system_axi_gpio_video_0_ooc.xdc] for cell 'U0'
Finished Parsing XDC File [/home/linux/work/01.petalinux/bsp/zybo-z7-10-bsp/hardware/src/bd/system/ip/system_axi_gpio_video_0/system_axi_gpio_video_0_ooc.xdc] for cell 'U0'
Parsing XDC File [/home/linux/work/01.petalinux/bsp/zybo-z7-10-bsp/hardware/src/bd/system/ip/system_axi_gpio_video_0/system_axi_gpio_video_0_board.xdc] for cell 'U0'
Finished Parsing XDC File [/home/linux/work/01.petalinux/bsp/zybo-z7-10-bsp/hardware/src/bd/system/ip/system_axi_gpio_video_0/system_axi_gpio_video_0_board.xdc] for cell 'U0'
Parsing XDC File [/home/linux/work/01.petalinux/bsp/zybo-z7-10-bsp/hardware/src/bd/system/ip/system_axi_gpio_video_0/system_axi_gpio_video_0.xdc] for cell 'U0'
Finished Parsing XDC File [/home/linux/work/01.petalinux/bsp/zybo-z7-10-bsp/hardware/src/bd/system/ip/system_axi_gpio_video_0/system_axi_gpio_video_0.xdc] for cell 'U0'
Parsing XDC File [/home/linux/work/01.petalinux/bsp/zybo-z7-10-bsp/hardware/proj/base-lin.runs/system_axi_gpio_video_0_synth_1/dont_touch.xdc]
Finished Parsing XDC File [/home/linux/work/01.petalinux/bsp/zybo-z7-10-bsp/hardware/proj/base-lin.runs/system_axi_gpio_video_0_synth_1/dont_touch.xdc]
Completed Processing XDC Constraints

Netlist sorting complete. Time (s): cpu = 00:00:00 ; elapsed = 00:00:00 . Memory (MB): peak = 2789.324 ; gain = 0.000 ; free physical = 8474 ; free virtual = 9393
INFO: [Project 1-111] Unisim Transformation Summary:
  A total of 12 instances were transformed.
  FDR => FDRE: 12 instances

Constraint Validation Runtime : Time (s): cpu = 00:00:00.04 ; elapsed = 00:00:00.11 . Memory (MB): peak = 2789.324 ; gain = 0.000 ; free physical = 8518 ; free virtual = 9438
INFO: [Designutils 20-5008] Incremental synthesis strategy off
---------------------------------------------------------------------------------
Finished Constraint Validation : Time (s): cpu = 00:00:30 ; elapsed = 00:01:03 . Memory (MB): peak = 2789.324 ; gain = 64.027 ; free physical = 8672 ; free virtual = 9697
---------------------------------------------------------------------------------
---------------------------------------------------------------------------------
Start Loading Part and Timing Information
---------------------------------------------------------------------------------
Loading part: xc7z010clg400-1
---------------------------------------------------------------------------------
Finished Loading Part and Timing Information : Time (s): cpu = 00:00:30 ; elapsed = 00:01:03 . Memory (MB): peak = 2789.324 ; gain = 64.027 ; free physical = 8672 ; free virtual = 9697
---------------------------------------------------------------------------------
---------------------------------------------------------------------------------
Start Applying 'set_property' XDC Constraints
---------------------------------------------------------------------------------
Applied set_property KEEP_HIERARCHY = SOFT for U0. (constraint file  /home/linux/work/01.petalinux/bsp/zybo-z7-10-bsp/hardware/proj/base-lin.runs/system_axi_gpio_video_0_synth_1/dont_touch.xdc, line 9).
---------------------------------------------------------------------------------
Finished applying 'set_property' XDC Constraints : Time (s): cpu = 00:00:30 ; elapsed = 00:01:03 . Memory (MB): peak = 2789.324 ; gain = 64.027 ; free physical = 8671 ; free virtual = 9695
---------------------------------------------------------------------------------
INFO: [Synth 8-802] inferred FSM for state register 'state_reg' in module 'slave_attachment'
---------------------------------------------------------------------------------------------------
                   State |                     New Encoding |                Previous Encoding 
---------------------------------------------------------------------------------------------------
                 iSTATE2 |                             0001 |                               00
                  iSTATE |                             0010 |                               01
                 iSTATE0 |                             0100 |                               10
                 iSTATE1 |                             1000 |                               11
---------------------------------------------------------------------------------------------------
INFO: [Synth 8-3354] encoded FSM with state register 'state_reg' using encoding 'one-hot' in module 'slave_attachment'
---------------------------------------------------------------------------------
Finished RTL Optimization Phase 2 : Time (s): cpu = 00:00:31 ; elapsed = 00:01:04 . Memory (MB): peak = 2789.324 ; gain = 64.027 ; free physical = 8892 ; free virtual = 9942
---------------------------------------------------------------------------------
---------------------------------------------------------------------------------
Start RTL Component Statistics 
---------------------------------------------------------------------------------
Detailed RTL Component Info : 
+---Adders : 
	   2 Input    4 Bit       Adders := 1     
+---XORs : 
	   2 Input      1 Bit         XORs := 4     
+---Registers : 
	               32 Bit    Registers := 4     
	                9 Bit    Registers := 1     
	                4 Bit    Registers := 1     
	                2 Bit    Registers := 4     
	                1 Bit    Registers := 61    
+---Muxes : 
	   2 Input   32 Bit        Muxes := 3     
	   5 Input   32 Bit        Muxes := 1     
	   2 Input    9 Bit        Muxes := 1     
	   4 Input    4 Bit        Muxes := 1     
	   2 Input    4 Bit        Muxes := 5     
	   2 Input    2 Bit        Muxes := 3     
	   3 Input    2 Bit        Muxes := 1     
	   4 Input    2 Bit        Muxes := 3     
	   2 Input    1 Bit        Muxes := 33    
	   4 Input    1 Bit        Muxes := 3     
---------------------------------------------------------------------------------
Finished RTL Component Statistics 
---------------------------------------------------------------------------------
---------------------------------------------------------------------------------
Start Part Resource Summary
---------------------------------------------------------------------------------
Part Resources:
DSPs: 80 (col length:40)
BRAMs: 120 (col length: RAMB18 40 RAMB36 20)
---------------------------------------------------------------------------------
Finished Part Resource Summary
---------------------------------------------------------------------------------
---------------------------------------------------------------------------------
Start Cross Boundary and Area Optimization
---------------------------------------------------------------------------------
WARNING: [Synth 8-7080] Parallel synthesis criteria is not met
WARNING: [Synth 8-7129] Port s_axi_wdata[30] in module axi_gpio is either unconnected or has no load
WARNING: [Synth 8-7129] Port s_axi_wdata[29] in module axi_gpio is either unconnected or has no load
WARNING: [Synth 8-7129] Port s_axi_wdata[28] in module axi_gpio is either unconnected or has no load
WARNING: [Synth 8-7129] Port s_axi_wdata[27] in module axi_gpio is either unconnected or has no load
WARNING: [Synth 8-7129] Port s_axi_wdata[26] in module axi_gpio is either unconnected or has no load
WARNING: [Synth 8-7129] Port s_axi_wdata[25] in module axi_gpio is either unconnected or has no load
WARNING: [Synth 8-7129] Port s_axi_wdata[24] in module axi_gpio is either unconnected or has no load
WARNING: [Synth 8-7129] Port s_axi_wdata[23] in module axi_gpio is either unconnected or has no load
INFO: [Common 17-14] Message 'Synth 8-7129' appears 100 times and further instances of the messages will be disabled. Use the Tcl command set_msg_config to change the current settings.
INFO: [Synth 8-3332] Sequential element (gpio_core_1/Dual.INPUT_DOUBLE_REGS4/GENERATE_LEVEL_P_S_CDC.MULTI_BIT.FOR_IN_cdc_to[0].CROSS2_PLEVEL_IN2SCNDRY_IN_cdc_to) is unused and will be removed from module axi_gpio.
INFO: [Synth 8-3332] Sequential element (gpio_core_1/Dual.INPUT_DOUBLE_REGS4/GENERATE_LEVEL_P_S_CDC.MULTI_BIT.FOR_CROSS_PLEVEL_IN2SCNDRY_bus_d2[0].CROSS2_PLEVEL_IN2SCNDRY_s_level_out_bus_d2) is unused and will be removed from module axi_gpio.
INFO: [Synth 8-3332] Sequential element (gpio_core_1/Dual.INPUT_DOUBLE_REGS4/GENERATE_LEVEL_P_S_CDC.MULTI_BIT.FOR_CROSS_PLEVEL_IN2SCNDRY_bus_d3[0].CROSS2_PLEVEL_IN2SCNDRY_s_level_out_bus_d3) is unused and will be removed from module axi_gpio.
INFO: [Synth 8-3332] Sequential element (gpio_core_1/Dual.INPUT_DOUBLE_REGS4/GENERATE_LEVEL_P_S_CDC.MULTI_BIT.FOR_CROSS_PLEVEL_IN2SCNDRY_bus_d4[0].CROSS2_PLEVEL_IN2SCNDRY_s_level_out_bus_d4) is unused and will be removed from module axi_gpio.
INFO: [Synth 8-3332] Sequential element (gpio_core_1/Dual.INPUT_DOUBLE_REGS4/GENERATE_LEVEL_P_S_CDC.MULTI_BIT.FOR_CROSS_PLEVEL_IN2SCNDRY_bus_d5[0].CROSS2_PLEVEL_IN2SCNDRY_s_level_out_bus_d5) is unused and will be removed from module axi_gpio.
INFO: [Synth 8-3332] Sequential element (gpio_core_1/Dual.INPUT_DOUBLE_REGS4/GENERATE_LEVEL_P_S_CDC.MULTI_BIT.FOR_CROSS_PLEVEL_IN2SCNDRY_bus_d6[0].CROSS2_PLEVEL_IN2SCNDRY_s_level_out_bus_d6) is unused and will be removed from module axi_gpio.
INFO: [Synth 8-3332] Sequential element (gpio_core_1/Dual.INPUT_DOUBLE_REGS5/GENERATE_LEVEL_P_S_CDC.MULTI_BIT.FOR_CROSS_PLEVEL_IN2SCNDRY_bus_d5[0].CROSS2_PLEVEL_IN2SCNDRY_s_level_out_bus_d5) is unused and will be removed from module axi_gpio.
INFO: [Synth 8-3332] Sequential element (gpio_core_1/Dual.INPUT_DOUBLE_REGS5/GENERATE_LEVEL_P_S_CDC.MULTI_BIT.FOR_CROSS_PLEVEL_IN2SCNDRY_bus_d6[0].CROSS2_PLEVEL_IN2SCNDRY_s_level_out_bus_d6) is unused and will be removed from module axi_gpio.
---------------------------------------------------------------------------------
Finished Cross Boundary and Area Optimization : Time (s): cpu = 00:00:33 ; elapsed = 00:01:08 . Memory (MB): peak = 2789.324 ; gain = 64.027 ; free physical = 8641 ; free virtual = 9742
---------------------------------------------------------------------------------
---------------------------------------------------------------------------------
Start Applying XDC Timing Constraints
---------------------------------------------------------------------------------
---------------------------------------------------------------------------------
Finished Applying XDC Timing Constraints : Time (s): cpu = 00:00:45 ; elapsed = 00:01:26 . Memory (MB): peak = 2789.324 ; gain = 64.027 ; free physical = 7552 ; free virtual = 8683
---------------------------------------------------------------------------------
---------------------------------------------------------------------------------
Start Timing Optimization
---------------------------------------------------------------------------------
---------------------------------------------------------------------------------
Finished Timing Optimization : Time (s): cpu = 00:00:45 ; elapsed = 00:01:27 . Memory (MB): peak = 2789.324 ; gain = 64.027 ; free physical = 7548 ; free virtual = 8679
---------------------------------------------------------------------------------
---------------------------------------------------------------------------------
Start Technology Mapping
---------------------------------------------------------------------------------
---------------------------------------------------------------------------------
Finished Technology Mapping : Time (s): cpu = 00:00:45 ; elapsed = 00:01:27 . Memory (MB): peak = 2789.324 ; gain = 64.027 ; free physical = 7561 ; free virtual = 8694
---------------------------------------------------------------------------------
---------------------------------------------------------------------------------
Start IO Insertion
---------------------------------------------------------------------------------
---------------------------------------------------------------------------------
Start Flattening Before IO Insertion
---------------------------------------------------------------------------------
---------------------------------------------------------------------------------
Finished Flattening Before IO Insertion
---------------------------------------------------------------------------------
---------------------------------------------------------------------------------
Start Final Netlist Cleanup
---------------------------------------------------------------------------------
---------------------------------------------------------------------------------
Finished Final Netlist Cleanup
---------------------------------------------------------------------------------
---------------------------------------------------------------------------------
Finished IO Insertion : Time (s): cpu = 00:00:54 ; elapsed = 00:01:38 . Memory (MB): peak = 2789.324 ; gain = 64.027 ; free physical = 8870 ; free virtual = 10072
---------------------------------------------------------------------------------
---------------------------------------------------------------------------------
Start Renaming Generated Instances
---------------------------------------------------------------------------------
---------------------------------------------------------------------------------
Finished Renaming Generated Instances : Time (s): cpu = 00:00:54 ; elapsed = 00:01:38 . Memory (MB): peak = 2789.324 ; gain = 64.027 ; free physical = 8869 ; free virtual = 10072
---------------------------------------------------------------------------------
---------------------------------------------------------------------------------
Start Rebuilding User Hierarchy
---------------------------------------------------------------------------------
---------------------------------------------------------------------------------
Finished Rebuilding User Hierarchy : Time (s): cpu = 00:00:54 ; elapsed = 00:01:38 . Memory (MB): peak = 2789.324 ; gain = 64.027 ; free physical = 8853 ; free virtual = 10055
---------------------------------------------------------------------------------
---------------------------------------------------------------------------------
Start Renaming Generated Ports
---------------------------------------------------------------------------------
---------------------------------------------------------------------------------
Finished Renaming Generated Ports : Time (s): cpu = 00:00:54 ; elapsed = 00:01:38 . Memory (MB): peak = 2789.324 ; gain = 64.027 ; free physical = 8852 ; free virtual = 10054
---------------------------------------------------------------------------------
---------------------------------------------------------------------------------
Start Handling Custom Attributes
---------------------------------------------------------------------------------
---------------------------------------------------------------------------------
Finished Handling Custom Attributes : Time (s): cpu = 00:00:54 ; elapsed = 00:01:38 . Memory (MB): peak = 2789.324 ; gain = 64.027 ; free physical = 8844 ; free virtual = 10046
---------------------------------------------------------------------------------
---------------------------------------------------------------------------------
Start Renaming Generated Nets
---------------------------------------------------------------------------------
---------------------------------------------------------------------------------
Finished Renaming Generated Nets : Time (s): cpu = 00:00:54 ; elapsed = 00:01:38 . Memory (MB): peak = 2789.324 ; gain = 64.027 ; free physical = 8843 ; free virtual = 10046
---------------------------------------------------------------------------------
---------------------------------------------------------------------------------
Start Writing Synthesis Report
---------------------------------------------------------------------------------

Report BlackBoxes: 
+-+--------------+----------+
| |BlackBox name |Instances |
+-+--------------+----------+
+-+--------------+----------+

Report Cell Usage: 
+------+-----+------+
|      |Cell |Count |
+------+-----+------+
|1     |LUT1 |     2|
|2     |LUT2 |     5|
|3     |LUT3 |    17|
|4     |LUT4 |    16|
|5     |LUT5 |    33|
|6     |LUT6 |    15|
|7     |FDR  |     4|
|8     |FDRE |    77|
|9     |FDSE |     6|
+------+-----+------+
---------------------------------------------------------------------------------
Finished Writing Synthesis Report : Time (s): cpu = 00:00:54 ; elapsed = 00:01:38 . Memory (MB): peak = 2789.324 ; gain = 64.027 ; free physical = 8835 ; free virtual = 10037
---------------------------------------------------------------------------------
Synthesis finished with 0 errors, 0 critical warnings and 34 warnings.
Synthesis Optimization Runtime : Time (s): cpu = 00:00:50 ; elapsed = 00:01:32 . Memory (MB): peak = 2789.324 ; gain = 0.000 ; free physical = 9254 ; free virtual = 10456
Synthesis Optimization Complete : Time (s): cpu = 00:00:54 ; elapsed = 00:01:39 . Memory (MB): peak = 2789.324 ; gain = 64.027 ; free physical = 9276 ; free virtual = 10479
INFO: [Project 1-571] Translating synthesized netlist
Netlist sorting complete. Time (s): cpu = 00:00:00.02 ; elapsed = 00:00:00.01 . Memory (MB): peak = 2789.324 ; gain = 0.000 ; free physical = 9233 ; free virtual = 10436
INFO: [Netlist 29-17] Analyzing 4 Unisim elements for replacement
INFO: [Netlist 29-28] Unisim Transformation completed in 0 CPU seconds
INFO: [Project 1-570] Preparing netlist for logic optimization
INFO: [Opt 31-138] Pushed 0 inverter(s) to 0 load pin(s).
Netlist sorting complete. Time (s): cpu = 00:00:00 ; elapsed = 00:00:00 . Memory (MB): peak = 2789.324 ; gain = 0.000 ; free physical = 9610 ; free virtual = 10824
INFO: [Project 1-111] Unisim Transformation Summary:
  A total of 4 instances were transformed.
  FDR => FDRE: 4 instances

Synth Design complete, checksum: 95180e1d
INFO: [Common 17-83] Releasing license: Synthesis
100 Infos, 104 Warnings, 0 Critical Warnings and 0 Errors encountered.
synth_design completed successfully
synth_design: Time (s): cpu = 00:01:12 ; elapsed = 00:01:57 . Memory (MB): peak = 2789.324 ; gain = 64.031 ; free physical = 9788 ; free virtual = 11003
INFO: [Common 17-1381] The checkpoint '/home/linux/work/01.petalinux/bsp/zybo-z7-10-bsp/hardware/proj/base-lin.runs/system_axi_gpio_video_0_synth_1/system_axi_gpio_video_0.dcp' has been generated.
INFO: [Coretcl 2-1648] Added synthesis output to IP cache for IP system_axi_gpio_video_0, cache-ID = d4a0ff44e5ad16fc
INFO: [Coretcl 2-1174] Renamed 7 cell refs.
INFO: [Common 17-1381] The checkpoint '/home/linux/work/01.petalinux/bsp/zybo-z7-10-bsp/hardware/proj/base-lin.runs/system_axi_gpio_video_0_synth_1/system_axi_gpio_video_0.dcp' has been generated.
INFO: [runtcl-4] Executing : report_utilization -file system_axi_gpio_video_0_utilization_synth.rpt -pb system_axi_gpio_video_0_utilization_synth.pb
INFO: [Common 17-206] Exiting Vivado at Wed Dec 14 20:32:49 2022...
