
*** Running vivado
    with args -log system_s00_regslice_0.vds -m64 -product Vivado -mode batch -messageDb vivado.pb -notrace -source system_s00_regslice_0.tcl


****** Vivado v2022.1 (64-bit)
  **** SW Build 3526262 on Mon Apr 18 15:47:01 MDT 2022
  **** IP Build 3524634 on Mon Apr 18 20:55:01 MDT 2022
    ** Copyright 1986-2022 Xilinx, Inc. All Rights Reserved.

source system_s00_regslice_0.tcl -notrace
create_project: Time (s): cpu = 00:00:09 ; elapsed = 00:00:16 . Memory (MB): peak = 2733.230 ; gain = 2.016 ; free physical = 11390 ; free virtual = 13301
INFO: [IP_Flow 19-234] Refreshing IP repositories
INFO: [IP_Flow 19-1700] Loaded user IP repository '/home/linux/work/01.petalinux/bsp/zybo-z7-10-bsp/hardware/repo'.
INFO: [IP_Flow 19-2313] Loaded Vivado IP repository '/home/linux/work/03.install_path/Vivado/2022.1/data/ip'.
Command: synth_design -top system_s00_regslice_0 -part xc7z010clg400-1 -incremental_mode off -mode out_of_context
Starting synth_design
Attempting to get a license for feature 'Synthesis' and/or device 'xc7z010'
INFO: [Common 17-349] Got license for feature 'Synthesis' and/or device 'xc7z010'
INFO: [Device 21-403] Loading part xc7z010clg400-1
INFO: [Synth 8-7079] Multithreading enabled for synth_design using a maximum of 4 processes.
INFO: [Synth 8-7078] Launching helper process for spawning children vivado processes
INFO: [Synth 8-7075] Helper process launched with PID 13120
WARNING: [Synth 8-9501] generate block is allowed only inside loop and conditional generate in SystemVerilog mode [/home/linux/work/03.install_path/Vivado/2022.1/data/ip/xpm/xpm_fifo/hdl/xpm_fifo.sv:4023]
---------------------------------------------------------------------------------
Starting RTL Elaboration : Time (s): cpu = 00:00:09 ; elapsed = 00:00:18 . Memory (MB): peak = 2733.234 ; gain = 0.000 ; free physical = 8394 ; free virtual = 10332
---------------------------------------------------------------------------------
INFO: [Synth 8-6157] synthesizing module 'system_s00_regslice_0' [/home/linux/work/01.petalinux/bsp/zybo-z7-10-bsp/hardware/src/bd/system/ip/system_s00_regslice_0/synth/system_s00_regslice_0.v:53]
INFO: [Synth 8-6157] synthesizing module 'axi_register_slice_v2_1_26_axi_register_slice' [/home/linux/work/01.petalinux/bsp/zybo-z7-10-bsp/hardware/src/bd/system/ipshared/0a3f/hdl/axi_register_slice_v2_1_vl_rfs.v:3725]
INFO: [Synth 8-6157] synthesizing module 'axi_infrastructure_v1_1_0_axi2vector' [/home/linux/work/01.petalinux/bsp/zybo-z7-10-bsp/hardware/src/bd/system/ipshared/ec67/hdl/axi_infrastructure_v1_1_vl_rfs.v:59]
INFO: [Synth 8-6155] done synthesizing module 'axi_infrastructure_v1_1_0_axi2vector' (0#1) [/home/linux/work/01.petalinux/bsp/zybo-z7-10-bsp/hardware/src/bd/system/ipshared/ec67/hdl/axi_infrastructure_v1_1_vl_rfs.v:59]
INFO: [Synth 8-6157] synthesizing module 'axi_infrastructure_v1_1_0_vector2axi' [/home/linux/work/01.petalinux/bsp/zybo-z7-10-bsp/hardware/src/bd/system/ipshared/ec67/hdl/axi_infrastructure_v1_1_vl_rfs.v:473]
INFO: [Synth 8-6155] done synthesizing module 'axi_infrastructure_v1_1_0_vector2axi' (0#1) [/home/linux/work/01.petalinux/bsp/zybo-z7-10-bsp/hardware/src/bd/system/ipshared/ec67/hdl/axi_infrastructure_v1_1_vl_rfs.v:473]
INFO: [Synth 8-6157] synthesizing module 'axi_register_slice_v2_1_26_axic_register_slice' [/home/linux/work/01.petalinux/bsp/zybo-z7-10-bsp/hardware/src/bd/system/ipshared/0a3f/hdl/axi_register_slice_v2_1_vl_rfs.v:1497]
INFO: [Synth 8-6155] done synthesizing module 'axi_register_slice_v2_1_26_axic_register_slice' (0#1) [/home/linux/work/01.petalinux/bsp/zybo-z7-10-bsp/hardware/src/bd/system/ipshared/0a3f/hdl/axi_register_slice_v2_1_vl_rfs.v:1497]
INFO: [Synth 8-6157] synthesizing module 'axi_register_slice_v2_1_26_axic_register_slice__parameterized0' [/home/linux/work/01.petalinux/bsp/zybo-z7-10-bsp/hardware/src/bd/system/ipshared/0a3f/hdl/axi_register_slice_v2_1_vl_rfs.v:1497]
INFO: [Synth 8-6155] done synthesizing module 'axi_register_slice_v2_1_26_axic_register_slice__parameterized0' (0#1) [/home/linux/work/01.petalinux/bsp/zybo-z7-10-bsp/hardware/src/bd/system/ipshared/0a3f/hdl/axi_register_slice_v2_1_vl_rfs.v:1497]
INFO: [Synth 8-6157] synthesizing module 'axi_register_slice_v2_1_26_axic_register_slice__parameterized1' [/home/linux/work/01.petalinux/bsp/zybo-z7-10-bsp/hardware/src/bd/system/ipshared/0a3f/hdl/axi_register_slice_v2_1_vl_rfs.v:1497]
INFO: [Synth 8-6155] done synthesizing module 'axi_register_slice_v2_1_26_axic_register_slice__parameterized1' (0#1) [/home/linux/work/01.petalinux/bsp/zybo-z7-10-bsp/hardware/src/bd/system/ipshared/0a3f/hdl/axi_register_slice_v2_1_vl_rfs.v:1497]
INFO: [Synth 8-6157] synthesizing module 'axi_register_slice_v2_1_26_axic_register_slice__parameterized2' [/home/linux/work/01.petalinux/bsp/zybo-z7-10-bsp/hardware/src/bd/system/ipshared/0a3f/hdl/axi_register_slice_v2_1_vl_rfs.v:1497]
INFO: [Synth 8-6155] done synthesizing module 'axi_register_slice_v2_1_26_axic_register_slice__parameterized2' (0#1) [/home/linux/work/01.petalinux/bsp/zybo-z7-10-bsp/hardware/src/bd/system/ipshared/0a3f/hdl/axi_register_slice_v2_1_vl_rfs.v:1497]
INFO: [Synth 8-6157] synthesizing module 'axi_register_slice_v2_1_26_axic_register_slice__parameterized3' [/home/linux/work/01.petalinux/bsp/zybo-z7-10-bsp/hardware/src/bd/system/ipshared/0a3f/hdl/axi_register_slice_v2_1_vl_rfs.v:1497]
INFO: [Synth 8-6155] done synthesizing module 'axi_register_slice_v2_1_26_axic_register_slice__parameterized3' (0#1) [/home/linux/work/01.petalinux/bsp/zybo-z7-10-bsp/hardware/src/bd/system/ipshared/0a3f/hdl/axi_register_slice_v2_1_vl_rfs.v:1497]
INFO: [Synth 8-6155] done synthesizing module 'axi_register_slice_v2_1_26_axi_register_slice' (0#1) [/home/linux/work/01.petalinux/bsp/zybo-z7-10-bsp/hardware/src/bd/system/ipshared/0a3f/hdl/axi_register_slice_v2_1_vl_rfs.v:3725]
INFO: [Synth 8-6155] done synthesizing module 'system_s00_regslice_0' (0#1) [/home/linux/work/01.petalinux/bsp/zybo-z7-10-bsp/hardware/src/bd/system/ip/system_s00_regslice_0/synth/system_s00_regslice_0.v:53]
WARNING: [Synth 8-7129] Port ACLK in module axi_register_slice_v2_1_26_axic_register_slice__parameterized1 is either unconnected or has no load
WARNING: [Synth 8-7129] Port ARESET in module axi_register_slice_v2_1_26_axic_register_slice__parameterized1 is either unconnected or has no load
WARNING: [Synth 8-7129] Port ACLK in module axi_register_slice_v2_1_26_axic_register_slice__parameterized0 is either unconnected or has no load
WARNING: [Synth 8-7129] Port ARESET in module axi_register_slice_v2_1_26_axic_register_slice__parameterized0 is either unconnected or has no load
WARNING: [Synth 8-7129] Port ACLK in module axi_register_slice_v2_1_26_axic_register_slice is either unconnected or has no load
WARNING: [Synth 8-7129] Port ARESET in module axi_register_slice_v2_1_26_axic_register_slice is either unconnected or has no load
WARNING: [Synth 8-7129] Port m_axi_buser[0] in module axi_infrastructure_v1_1_0_vector2axi is either unconnected or has no load
WARNING: [Synth 8-7129] Port m_axi_ruser[0] in module axi_infrastructure_v1_1_0_vector2axi is either unconnected or has no load
WARNING: [Synth 8-7129] Port s_axi_awuser[0] in module axi_infrastructure_v1_1_0_axi2vector is either unconnected or has no load
WARNING: [Synth 8-7129] Port s_axi_wid[0] in module axi_infrastructure_v1_1_0_axi2vector is either unconnected or has no load
WARNING: [Synth 8-7129] Port s_axi_wuser[0] in module axi_infrastructure_v1_1_0_axi2vector is either unconnected or has no load
WARNING: [Synth 8-7129] Port s_axi_aruser[0] in module axi_infrastructure_v1_1_0_axi2vector is either unconnected or has no load
WARNING: [Synth 8-7129] Port aclk2x in module axi_register_slice_v2_1_26_axi_register_slice is either unconnected or has no load
---------------------------------------------------------------------------------
Finished RTL Elaboration : Time (s): cpu = 00:00:12 ; elapsed = 00:00:22 . Memory (MB): peak = 2733.234 ; gain = 0.000 ; free physical = 10405 ; free virtual = 12344
---------------------------------------------------------------------------------
---------------------------------------------------------------------------------
Start Handling Custom Attributes
---------------------------------------------------------------------------------
---------------------------------------------------------------------------------
Finished Handling Custom Attributes : Time (s): cpu = 00:00:13 ; elapsed = 00:00:22 . Memory (MB): peak = 2733.234 ; gain = 0.000 ; free physical = 10437 ; free virtual = 12377
---------------------------------------------------------------------------------
---------------------------------------------------------------------------------
Finished RTL Optimization Phase 1 : Time (s): cpu = 00:00:13 ; elapsed = 00:00:22 . Memory (MB): peak = 2733.234 ; gain = 0.000 ; free physical = 10437 ; free virtual = 12377
---------------------------------------------------------------------------------
Netlist sorting complete. Time (s): cpu = 00:00:00.01 ; elapsed = 00:00:00.01 . Memory (MB): peak = 2733.234 ; gain = 0.000 ; free physical = 10448 ; free virtual = 12387
INFO: [Project 1-570] Preparing netlist for logic optimization

Processing XDC Constraints
Initializing timing engine
Parsing XDC File [/home/linux/work/01.petalinux/bsp/zybo-z7-10-bsp/hardware/src/bd/system/ip/system_s00_regslice_0/system_s00_regslice_0_ooc.xdc] for cell 'inst'
Finished Parsing XDC File [/home/linux/work/01.petalinux/bsp/zybo-z7-10-bsp/hardware/src/bd/system/ip/system_s00_regslice_0/system_s00_regslice_0_ooc.xdc] for cell 'inst'
Parsing XDC File [/home/linux/work/01.petalinux/bsp/zybo-z7-10-bsp/hardware/proj/base-lin.runs/system_s00_regslice_0_synth_1/dont_touch.xdc]
Finished Parsing XDC File [/home/linux/work/01.petalinux/bsp/zybo-z7-10-bsp/hardware/proj/base-lin.runs/system_s00_regslice_0_synth_1/dont_touch.xdc]
Parsing XDC File [/home/linux/work/01.petalinux/bsp/zybo-z7-10-bsp/hardware/src/bd/system/ip/system_s00_regslice_0/system_s00_regslice_0_clocks.xdc] for cell 'inst'
Finished Parsing XDC File [/home/linux/work/01.petalinux/bsp/zybo-z7-10-bsp/hardware/src/bd/system/ip/system_s00_regslice_0/system_s00_regslice_0_clocks.xdc] for cell 'inst'
INFO: [Project 1-236] Implementation specific constraints were found while reading constraint file [/home/linux/work/01.petalinux/bsp/zybo-z7-10-bsp/hardware/src/bd/system/ip/system_s00_regslice_0/system_s00_regslice_0_clocks.xdc]. These constraints will be ignored for synthesis but will be used in implementation. Impacted constraints are listed in the file [.Xil/system_s00_regslice_0_propImpl.xdc].
Resolution: To avoid this warning, move constraints listed in [.Xil/system_s00_regslice_0_propImpl.xdc] to another XDC file and exclude this new file from synthesis with the used_in_synthesis property (File Properties dialog in GUI) and re-run elaboration/synthesis.
Completed Processing XDC Constraints

Netlist sorting complete. Time (s): cpu = 00:00:00 ; elapsed = 00:00:00 . Memory (MB): peak = 2797.262 ; gain = 0.000 ; free physical = 11273 ; free virtual = 13234
INFO: [Project 1-111] Unisim Transformation Summary:
No Unisim elements were transformed.

Constraint Validation Runtime : Time (s): cpu = 00:00:00.03 ; elapsed = 00:00:00.04 . Memory (MB): peak = 2797.262 ; gain = 0.000 ; free physical = 11194 ; free virtual = 13155
INFO: [Designutils 20-5008] Incremental synthesis strategy off
---------------------------------------------------------------------------------
Finished Constraint Validation : Time (s): cpu = 00:00:27 ; elapsed = 00:00:38 . Memory (MB): peak = 2797.262 ; gain = 64.027 ; free physical = 11481 ; free virtual = 13471
---------------------------------------------------------------------------------
---------------------------------------------------------------------------------
Start Loading Part and Timing Information
---------------------------------------------------------------------------------
Loading part: xc7z010clg400-1
---------------------------------------------------------------------------------
Finished Loading Part and Timing Information : Time (s): cpu = 00:00:27 ; elapsed = 00:00:38 . Memory (MB): peak = 2797.262 ; gain = 64.027 ; free physical = 11481 ; free virtual = 13471
---------------------------------------------------------------------------------
---------------------------------------------------------------------------------
Start Applying 'set_property' XDC Constraints
---------------------------------------------------------------------------------
Applied set_property KEEP_HIERARCHY = SOFT for inst. (constraint file  /home/linux/work/01.petalinux/bsp/zybo-z7-10-bsp/hardware/proj/base-lin.runs/system_s00_regslice_0_synth_1/dont_touch.xdc, line 9).
---------------------------------------------------------------------------------
Finished applying 'set_property' XDC Constraints : Time (s): cpu = 00:00:27 ; elapsed = 00:00:38 . Memory (MB): peak = 2797.262 ; gain = 64.027 ; free physical = 11478 ; free virtual = 13467
---------------------------------------------------------------------------------
---------------------------------------------------------------------------------
Finished RTL Optimization Phase 2 : Time (s): cpu = 00:00:28 ; elapsed = 00:00:39 . Memory (MB): peak = 2797.262 ; gain = 64.027 ; free physical = 11346 ; free virtual = 13336
---------------------------------------------------------------------------------
---------------------------------------------------------------------------------
Start RTL Component Statistics 
---------------------------------------------------------------------------------
Detailed RTL Component Info : 
+---Registers : 
	               68 Bit    Registers := 2     
	               62 Bit    Registers := 1     
	                2 Bit    Registers := 2     
	                1 Bit    Registers := 4     
+---Muxes : 
	   2 Input   68 Bit        Muxes := 2     
	   2 Input    1 Bit        Muxes := 2     
---------------------------------------------------------------------------------
Finished RTL Component Statistics 
---------------------------------------------------------------------------------
---------------------------------------------------------------------------------
Start Part Resource Summary
---------------------------------------------------------------------------------
Part Resources:
DSPs: 80 (col length:40)
BRAMs: 120 (col length: RAMB18 40 RAMB36 20)
---------------------------------------------------------------------------------
Finished Part Resource Summary
---------------------------------------------------------------------------------
---------------------------------------------------------------------------------
Start Cross Boundary and Area Optimization
---------------------------------------------------------------------------------
WARNING: [Synth 8-7080] Parallel synthesis criteria is not met
WARNING: [Synth 8-7129] Port aclk2x in module axi_register_slice_v2_1_26_axi_register_slice is either unconnected or has no load
WARNING: [Synth 8-7129] Port s_axi_awuser[0] in module axi_register_slice_v2_1_26_axi_register_slice is either unconnected or has no load
WARNING: [Synth 8-7129] Port s_axi_wid[0] in module axi_register_slice_v2_1_26_axi_register_slice is either unconnected or has no load
WARNING: [Synth 8-7129] Port s_axi_wuser[0] in module axi_register_slice_v2_1_26_axi_register_slice is either unconnected or has no load
WARNING: [Synth 8-7129] Port s_axi_aruser[0] in module axi_register_slice_v2_1_26_axi_register_slice is either unconnected or has no load
WARNING: [Synth 8-7129] Port m_axi_buser[0] in module axi_register_slice_v2_1_26_axi_register_slice is either unconnected or has no load
WARNING: [Synth 8-7129] Port m_axi_ruser[0] in module axi_register_slice_v2_1_26_axi_register_slice is either unconnected or has no load
---------------------------------------------------------------------------------
Finished Cross Boundary and Area Optimization : Time (s): cpu = 00:00:30 ; elapsed = 00:00:41 . Memory (MB): peak = 2797.262 ; gain = 64.027 ; free physical = 11211 ; free virtual = 13206
---------------------------------------------------------------------------------
---------------------------------------------------------------------------------
Start Applying XDC Timing Constraints
---------------------------------------------------------------------------------
---------------------------------------------------------------------------------
Finished Applying XDC Timing Constraints : Time (s): cpu = 00:00:43 ; elapsed = 00:00:56 . Memory (MB): peak = 2797.262 ; gain = 64.027 ; free physical = 11174 ; free virtual = 13390
---------------------------------------------------------------------------------
---------------------------------------------------------------------------------
Start Timing Optimization
---------------------------------------------------------------------------------
---------------------------------------------------------------------------------
Finished Timing Optimization : Time (s): cpu = 00:00:43 ; elapsed = 00:00:56 . Memory (MB): peak = 2797.262 ; gain = 64.027 ; free physical = 11150 ; free virtual = 13367
---------------------------------------------------------------------------------
---------------------------------------------------------------------------------
Start Technology Mapping
---------------------------------------------------------------------------------
---------------------------------------------------------------------------------
Finished Technology Mapping : Time (s): cpu = 00:00:43 ; elapsed = 00:00:57 . Memory (MB): peak = 2797.262 ; gain = 64.027 ; free physical = 11111 ; free virtual = 13333
---------------------------------------------------------------------------------
---------------------------------------------------------------------------------
Start IO Insertion
---------------------------------------------------------------------------------
---------------------------------------------------------------------------------
Start Flattening Before IO Insertion
---------------------------------------------------------------------------------
---------------------------------------------------------------------------------
Finished Flattening Before IO Insertion
---------------------------------------------------------------------------------
---------------------------------------------------------------------------------
Start Final Netlist Cleanup
---------------------------------------------------------------------------------
---------------------------------------------------------------------------------
Finished Final Netlist Cleanup
---------------------------------------------------------------------------------
---------------------------------------------------------------------------------
Finished IO Insertion : Time (s): cpu = 00:00:51 ; elapsed = 00:01:06 . Memory (MB): peak = 2797.262 ; gain = 64.027 ; free physical = 12985 ; free virtual = 15207
---------------------------------------------------------------------------------
---------------------------------------------------------------------------------
Start Renaming Generated Instances
---------------------------------------------------------------------------------
---------------------------------------------------------------------------------
Finished Renaming Generated Instances : Time (s): cpu = 00:00:51 ; elapsed = 00:01:06 . Memory (MB): peak = 2797.262 ; gain = 64.027 ; free physical = 12985 ; free virtual = 15207
---------------------------------------------------------------------------------
---------------------------------------------------------------------------------
Start Rebuilding User Hierarchy
---------------------------------------------------------------------------------
---------------------------------------------------------------------------------
Finished Rebuilding User Hierarchy : Time (s): cpu = 00:00:51 ; elapsed = 00:01:06 . Memory (MB): peak = 2797.262 ; gain = 64.027 ; free physical = 12987 ; free virtual = 15209
---------------------------------------------------------------------------------
---------------------------------------------------------------------------------
Start Renaming Generated Ports
---------------------------------------------------------------------------------
---------------------------------------------------------------------------------
Finished Renaming Generated Ports : Time (s): cpu = 00:00:51 ; elapsed = 00:01:06 . Memory (MB): peak = 2797.262 ; gain = 64.027 ; free physical = 12988 ; free virtual = 15211
---------------------------------------------------------------------------------
---------------------------------------------------------------------------------
Start Handling Custom Attributes
---------------------------------------------------------------------------------
---------------------------------------------------------------------------------
Finished Handling Custom Attributes : Time (s): cpu = 00:00:51 ; elapsed = 00:01:06 . Memory (MB): peak = 2797.262 ; gain = 64.027 ; free physical = 12982 ; free virtual = 15205
---------------------------------------------------------------------------------
---------------------------------------------------------------------------------
Start Renaming Generated Nets
---------------------------------------------------------------------------------
---------------------------------------------------------------------------------
Finished Renaming Generated Nets : Time (s): cpu = 00:00:51 ; elapsed = 00:01:06 . Memory (MB): peak = 2797.262 ; gain = 64.027 ; free physical = 12985 ; free virtual = 15207
---------------------------------------------------------------------------------
---------------------------------------------------------------------------------
Start Writing Synthesis Report
---------------------------------------------------------------------------------

Report BlackBoxes: 
+-+--------------+----------+
| |BlackBox name |Instances |
+-+--------------+----------+
+-+--------------+----------+

Report Cell Usage: 
+------+-----+------+
|      |Cell |Count |
+------+-----+------+
|1     |LUT1 |     1|
|2     |LUT2 |     2|
|3     |LUT3 |    67|
|4     |LUT4 |     1|
|5     |LUT5 |     3|
|6     |FDRE |   201|
+------+-----+------+
---------------------------------------------------------------------------------
Finished Writing Synthesis Report : Time (s): cpu = 00:00:51 ; elapsed = 00:01:06 . Memory (MB): peak = 2797.262 ; gain = 64.027 ; free physical = 12995 ; free virtual = 15217
---------------------------------------------------------------------------------
Synthesis finished with 0 errors, 0 critical warnings and 8 warnings.
Synthesis Optimization Runtime : Time (s): cpu = 00:00:47 ; elapsed = 00:01:01 . Memory (MB): peak = 2797.262 ; gain = 0.000 ; free physical = 13088 ; free virtual = 15310
Synthesis Optimization Complete : Time (s): cpu = 00:00:51 ; elapsed = 00:01:06 . Memory (MB): peak = 2797.262 ; gain = 64.027 ; free physical = 13098 ; free virtual = 15320
INFO: [Project 1-571] Translating synthesized netlist
Netlist sorting complete. Time (s): cpu = 00:00:00.01 ; elapsed = 00:00:00 . Memory (MB): peak = 2797.262 ; gain = 0.000 ; free physical = 13259 ; free virtual = 15481
INFO: [Project 1-570] Preparing netlist for logic optimization
INFO: [Opt 31-138] Pushed 0 inverter(s) to 0 load pin(s).
Netlist sorting complete. Time (s): cpu = 00:00:00 ; elapsed = 00:00:00 . Memory (MB): peak = 2797.262 ; gain = 0.000 ; free physical = 14074 ; free virtual = 16297
INFO: [Project 1-111] Unisim Transformation Summary:
No Unisim elements were transformed.

Synth Design complete, checksum: b77a1891
INFO: [Common 17-83] Releasing license: Synthesis
35 Infos, 22 Warnings, 0 Critical Warnings and 0 Errors encountered.
synth_design completed successfully
synth_design: Time (s): cpu = 00:01:11 ; elapsed = 00:01:20 . Memory (MB): peak = 2797.262 ; gain = 64.031 ; free physical = 14279 ; free virtual = 16502
INFO: [Common 17-1381] The checkpoint '/home/linux/work/01.petalinux/bsp/zybo-z7-10-bsp/hardware/proj/base-lin.runs/system_s00_regslice_0_synth_1/system_s00_regslice_0.dcp' has been generated.
INFO: [Coretcl 2-1648] Added synthesis output to IP cache for IP system_s00_regslice_0, cache-ID = b0581099a76c38dd
INFO: [Coretcl 2-1174] Renamed 3 cell refs.
INFO: [Common 17-1381] The checkpoint '/home/linux/work/01.petalinux/bsp/zybo-z7-10-bsp/hardware/proj/base-lin.runs/system_s00_regslice_0_synth_1/system_s00_regslice_0.dcp' has been generated.
INFO: [runtcl-4] Executing : report_utilization -file system_s00_regslice_0_utilization_synth.rpt -pb system_s00_regslice_0_utilization_synth.pb
INFO: [Common 17-206] Exiting Vivado at Wed Dec 14 20:37:19 2022...
